
CH32V003F4P6-X-SSD1306.elf:     file format elf32-littleriscv
CH32V003F4P6-X-SSD1306.elf
architecture: riscv:rv32, flags 0x00000112:
EXEC_P, HAS_SYMS, D_PAGED
start address 0x00000000

Program Header:
    LOAD off    0x00001000 vaddr 0x00000000 paddr 0x00000000 align 2**12
         filesz 0x00001350 memsz 0x00001350 flags r-x
    LOAD off    0x00003000 vaddr 0x20000000 paddr 0x00001350 align 2**12
         filesz 0x000000a8 memsz 0x000000bc flags rw-
    LOAD off    0x00003700 vaddr 0x20000700 paddr 0x20000700 align 2**12
         filesz 0x00000000 memsz 0x00000100 flags rw-

Sections:
Idx Name          Size      VMA       LMA       File off  Algn
  0 .init         000000a0  00000000  00000000  00001000  2**2
                  CONTENTS, ALLOC, LOAD, READONLY, CODE
  1 .text         000012b0  000000a0  000000a0  000010a0  2**2
                  CONTENTS, ALLOC, LOAD, READONLY, CODE
  2 .fini         00000000  00001350  00001350  000030a8  2**0
                  CONTENTS, ALLOC, LOAD, CODE
  3 .dalign       00000000  20000000  20000000  000030a8  2**0
                  CONTENTS
  4 .dlalign      00000000  00001350  00001350  000030a8  2**0
                  CONTENTS
  5 .data         000000a8  20000000  00001350  00003000  2**2
                  CONTENTS, ALLOC, LOAD, DATA
  6 .bss          00000014  200000a8  000013f8  000030a8  2**2
                  ALLOC
  7 .stack        00000100  20000700  20000700  00003700  2**0
                  ALLOC
  8 .debug_info   0000b7dc  00000000  00000000  000030a8  2**0
                  CONTENTS, READONLY, DEBUGGING
  9 .debug_abbrev 00002285  00000000  00000000  0000e884  2**0
                  CONTENTS, READONLY, DEBUGGING
 10 .debug_loc    00002324  00000000  00000000  00010b09  2**0
                  CONTENTS, READONLY, DEBUGGING
 11 .debug_aranges 00000540  00000000  00000000  00012e30  2**3
                  CONTENTS, READONLY, DEBUGGING
 12 .debug_ranges 000005f0  00000000  00000000  00013370  2**3
                  CONTENTS, READONLY, DEBUGGING
 13 .debug_line   0000706e  00000000  00000000  00013960  2**0
                  CONTENTS, READONLY, DEBUGGING
 14 .debug_str    00001ad1  00000000  00000000  0001a9ce  2**0
                  CONTENTS, READONLY, DEBUGGING
 15 .comment      00000033  00000000  00000000  0001c49f  2**0
                  CONTENTS, READONLY
 16 .debug_frame  00000c34  00000000  00000000  0001c4d4  2**2
                  CONTENTS, READONLY, DEBUGGING
SYMBOL TABLE:
00000000 l    d  .init	00000000 .init
000000a0 l    d  .text	00000000 .text
00001350 l    d  .fini	00000000 .fini
20000000 l    d  .dalign	00000000 .dalign
00001350 l    d  .dlalign	00000000 .dlalign
20000000 l    d  .data	00000000 .data
200000a8 l    d  .bss	00000000 .bss
20000700 l    d  .stack	00000000 .stack
00000000 l    d  .debug_info	00000000 .debug_info
00000000 l    d  .debug_abbrev	00000000 .debug_abbrev
00000000 l    d  .debug_loc	00000000 .debug_loc
00000000 l    d  .debug_aranges	00000000 .debug_aranges
00000000 l    d  .debug_ranges	00000000 .debug_ranges
00000000 l    d  .debug_line	00000000 .debug_line
00000000 l    d  .debug_str	00000000 .debug_str
00000000 l    d  .comment	00000000 .comment
00000000 l    d  .debug_frame	00000000 .debug_frame
00000000 l    df *ABS*	00000000 SSD1306.c
00000000 l    df *ABS*	00000000 SSD1306_writer.c
00000000 l    df *ABS*	00000000 ch32v00x_it.c
00000000 l    df *ABS*	00000000 example.c
00000000 l    df *ABS*	00000000 system_ch32v00x.c
00000000 l    df *ABS*	00000000 ch32v00x_gpio.c
00000000 l    df *ABS*	00000000 ch32v00x_i2c.c
00000000 l    df *ABS*	00000000 ch32v00x_misc.c
00000000 l    df *ABS*	00000000 ch32v00x_rcc.c
20000014 l     O .data	00000014 ADCPrescTable
20000028 l     O .data	00000010 APBAHBPrescTable
00000000 l    df *ABS*	00000000 ch32v00x_usart.c
00000000 l    df *ABS*	00000000 debug.c
200000b4 l     O .bss	00000002 p_ms
200000b6 l     O .bss	00000001 p_us
20000038 l     O .data	00000004 curbrk.4084
00000000 l    df *ABS*	00000000 malloc.c
00000000 l    df *ABS*	00000000 nano-mallocr.c
00000000 l    df *ABS*	00000000 sbrkr.c
00000000 l    df *ABS*	00000000 mlock.c
00000000 l    df *ABS*	00000000 font8x8test.c
00000000 l    df *ABS*	00000000 impure.c
2000003c l     O .data	00000060 impure_data
00000000 l    df *ABS*	00000000 reent.c
200008a0 g       .data	00000000 __global_pointer$
000008c2  w      .text	00000000 TIM1_CC_IRQHandler
000003b0 g     F .text	00000036 SSD1306_clear
00000626 g     F .text	00000002 HardFault_Handler
00000f10 g     F .text	00000002 __malloc_unlock
000003e6 g     F .text	00000016 SSD1306_set_contrast
000008c2  w      .text	00000000 SysTick_Handler
000008c2  w      .text	00000000 PVD_IRQHandler
00000624 g     F .text	00000002 NMI_Handler
200000b8 g     O .bss	00000004 errno
200000a8 g       .bss	00000000 _sbss
00000100 g       *ABS*	00000000 __stack_size
00000d8a g     F .text	00000054 USART_Printf_Init
000000aa g     F .text	0000000a .hidden __riscv_restore_2
20000010 g     O .data	00000004 SystemCoreClock
00000e04 g     F .text	0000000e malloc
000000d4 g     F .text	0000002c .hidden __udivsi3
000000a0 g       .init	00000000 _einit
00000bfe g     F .text	0000001e RCC_APB2PeriphClockCmd
00000944 g     F .text	0000007c GPIO_Init
200000b0 g     O .bss	00000004 NVIC_Priority_Group
000008c2  w      .text	00000000 SPI1_IRQHandler
00000d06 g     F .text	00000016 USART_Cmd
00000ee6 g     F .text	00000028 _sbrk_r
000000a0 g     F .text	0000000a .hidden __riscv_save_1
000000aa g     F .text	0000000a .hidden __riscv_restore_0
000008c2  w      .text	00000000 AWU_IRQHandler
000008c2  w      .text	00000000 EXTI7_0_IRQHandler
00000c1c g     F .text	0000001e RCC_APB1PeriphClockCmd
20000700 g       .stack	00000000 _heap_end
000008c2  w      .text	00000000 DMA1_Channel4_IRQHandler
00000af8 g     F .text	00000004 I2C_SendData
000008c2  w      .text	00000000 ADC1_IRQHandler
00000dde g     F .text	00000026 _sbrk
000009ca g     F .text	000000e2 I2C_Init
200000bc g       .bss	00000000 _ebss
000008c2  w      .text	00000000 DMA1_Channel7_IRQHandler
0000014a g     F .text	00000064 I2C_init_for_SSD1306
000001ae g     F .text	000000ce SSD1306_send_command
00000d1c g     F .text	00000034 Delay_Init
000009c0 g     F .text	0000000a GPIO_WriteBit
00000100 g     F .text	00000008 .hidden __umodsi3
00000ac4 g     F .text	0000001a I2C_GenerateSTART
000003fc g     F .text	00000130 SSD1306_fast_render_screen
000008c2  w      .text	00000000 I2C1_EV_IRQHandler
00000b5c g     F .text	000000a2 RCC_GetClocksFreq
0000027c g     F .text	000000f6 SSD1306_init
000008c2  w      .text	00000000 DMA1_Channel6_IRQHandler
00000c3a g     F .text	000000cc USART_Init
000008c2  w      .text	00000000 RCC_IRQHandler
000008c2  w      .text	00000000 TIM1_TRG_COM_IRQHandler
000008c2  w      .text	00000000 DMA1_Channel1_IRQHandler
00000000 g       .init	00000000 _start
20000000 g     O .data	00000010 AHBPrescTable
000000b4 g     F .text	00000014 .hidden __mulsi3
00000aac g     F .text	00000018 I2C_Cmd
00000f1c g     O .text	00000432 font_data
20000000 g       .dalign	00000000 _data_vma
000005ca g     F .text	0000005a SSD1306_write
00000afc g     F .text	00000012 I2C_Send7bitAddress
00000f0e g     F .text	00000002 __malloc_lock
00000b4a g     F .text	00000012 RCC_AdjustHSICalibrationValue
00000628 g     F .text	000000fa main
00000e12 g     F .text	000000d4 _malloc_r
000008c2  w      .text	00000000 DMA1_Channel5_IRQHandler
00000372 g     F .text	0000003e SSD1306_draw_pixel
000000cc g     F .text	00000058 .hidden __divsi3
00000d50 g     F .text	0000003a Delay_Ms
00000722 g     F .text	00000134 SystemInit
00000000 g       .init	00000000 _sinit
000008c2  w      .text	00000000 DMA1_Channel3_IRQHandler
200000a0 g     O .data	00000004 _impure_ptr
000008c2  w      .text	00000000 TIM1_UP_IRQHandler
000008c2  w      .text	00000000 WWDG_IRQHandler
00000b24 g     F .text	00000020 I2C_GetITStatus
000008c2  w      .text	00000000 TIM2_IRQHandler
20000800 g       .stack	00000000 _eusrstack
000000a0 g     F .text	0000000a .hidden __riscv_save_2
000008c2  w      .text	00000000 SW_Handler
000008c2  w      .text	00000000 TIM1_BRK_IRQHandler
200000a8 g       .data	00000000 _edata
200000bc g       .bss	00000000 _end
00001350 g       .dlalign	00000000 _data_lma
00000856 g     F .text	0000006c SystemCoreClockUpdate
00000124 g     F .text	00000024 .hidden __modsi3
000008c2  w      .text	00000000 DMA1_Channel2_IRQHandler
000008c4  w      .text	00000000 handle_reset
000008c2  w      .text	00000000 FLASH_IRQHandler
000000a0 g     F .text	0000000a .hidden __riscv_save_0
000008c2  w      .text	00000000 USART1_IRQHandler
200000ac g     O .bss	00000004 __malloc_sbrk_start
00000b0e g     F .text	00000016 I2C_CheckEvent
00000ade g     F .text	0000001a I2C_GenerateSTOP
000008c2  w      .text	00000000 I2C1_ER_IRQHandler
00000b44 g     F .text	00000006 NVIC_PriorityGroupConfig
200000a8 g     O .bss	00000004 __malloc_free_list
000000aa g     F .text	0000000a .hidden __riscv_restore_1
0000052c g     F .text	0000009e SSD1306_draw_char



Disassembly of section .init:

00000000 <_sinit>:
   0:	0c50006f          	j	8c4 <handle_reset>
   4:	0000                	unimp
   6:	0000                	unimp
   8:	0624                	addi	s1,sp,776
   a:	0000                	unimp
   c:	0626                	slli	a2,a2,0x9
	...
  2e:	0000                	unimp
  30:	08c2                	slli	a7,a7,0x10
  32:	0000                	unimp
  34:	0000                	unimp
  36:	0000                	unimp
  38:	08c2                	slli	a7,a7,0x10
  3a:	0000                	unimp
  3c:	0000                	unimp
  3e:	0000                	unimp
  40:	08c2                	slli	a7,a7,0x10
  42:	0000                	unimp
  44:	08c2                	slli	a7,a7,0x10
  46:	0000                	unimp
  48:	08c2                	slli	a7,a7,0x10
  4a:	0000                	unimp
  4c:	08c2                	slli	a7,a7,0x10
  4e:	0000                	unimp
  50:	08c2                	slli	a7,a7,0x10
  52:	0000                	unimp
  54:	08c2                	slli	a7,a7,0x10
  56:	0000                	unimp
  58:	08c2                	slli	a7,a7,0x10
  5a:	0000                	unimp
  5c:	08c2                	slli	a7,a7,0x10
  5e:	0000                	unimp
  60:	08c2                	slli	a7,a7,0x10
  62:	0000                	unimp
  64:	08c2                	slli	a7,a7,0x10
  66:	0000                	unimp
  68:	08c2                	slli	a7,a7,0x10
  6a:	0000                	unimp
  6c:	08c2                	slli	a7,a7,0x10
  6e:	0000                	unimp
  70:	08c2                	slli	a7,a7,0x10
  72:	0000                	unimp
  74:	08c2                	slli	a7,a7,0x10
  76:	0000                	unimp
  78:	08c2                	slli	a7,a7,0x10
  7a:	0000                	unimp
  7c:	08c2                	slli	a7,a7,0x10
  7e:	0000                	unimp
  80:	08c2                	slli	a7,a7,0x10
  82:	0000                	unimp
  84:	08c2                	slli	a7,a7,0x10
  86:	0000                	unimp
  88:	08c2                	slli	a7,a7,0x10
  8a:	0000                	unimp
  8c:	08c2                	slli	a7,a7,0x10
  8e:	0000                	unimp
  90:	08c2                	slli	a7,a7,0x10
  92:	0000                	unimp
  94:	08c2                	slli	a7,a7,0x10
  96:	0000                	unimp
  98:	08c2                	slli	a7,a7,0x10
  9a:	0000                	unimp
  9c:	0000                	unimp
	...

Disassembly of section .text:

000000a0 <__riscv_save_0>:
      a0:	1151                	addi	sp,sp,-12
      a2:	c026                	sw	s1,0(sp)
      a4:	c222                	sw	s0,4(sp)
      a6:	c406                	sw	ra,8(sp)
      a8:	8282                	jr	t0

000000aa <__riscv_restore_0>:
      aa:	4482                	lw	s1,0(sp)
      ac:	4412                	lw	s0,4(sp)
      ae:	40a2                	lw	ra,8(sp)
      b0:	0131                	addi	sp,sp,12
      b2:	8082                	ret

000000b4 <__mulsi3>:
      b4:	862a                	mv	a2,a0
      b6:	4501                	li	a0,0
      b8:	0015f693          	andi	a3,a1,1
      bc:	c291                	beqz	a3,c0 <__mulsi3+0xc>
      be:	9532                	add	a0,a0,a2
      c0:	8185                	srli	a1,a1,0x1
      c2:	0606                	slli	a2,a2,0x1
      c4:	f9f5                	bnez	a1,b8 <__mulsi3+0x4>
      c6:	8082                	ret
      c8:	0000                	unimp
	...

000000cc <__divsi3>:
      cc:	02054e63          	bltz	a0,108 <__umodsi3+0x8>
      d0:	0405c363          	bltz	a1,116 <__umodsi3+0x16>

000000d4 <__udivsi3>:
      d4:	862e                	mv	a2,a1
      d6:	85aa                	mv	a1,a0
      d8:	557d                	li	a0,-1
      da:	c215                	beqz	a2,fe <__udivsi3+0x2a>
      dc:	4685                	li	a3,1
      de:	00b67863          	bgeu	a2,a1,ee <__udivsi3+0x1a>
      e2:	00c05663          	blez	a2,ee <__udivsi3+0x1a>
      e6:	0606                	slli	a2,a2,0x1
      e8:	0686                	slli	a3,a3,0x1
      ea:	feb66ce3          	bltu	a2,a1,e2 <__udivsi3+0xe>
      ee:	4501                	li	a0,0
      f0:	00c5e463          	bltu	a1,a2,f8 <__udivsi3+0x24>
      f4:	8d91                	sub	a1,a1,a2
      f6:	8d55                	or	a0,a0,a3
      f8:	8285                	srli	a3,a3,0x1
      fa:	8205                	srli	a2,a2,0x1
      fc:	faf5                	bnez	a3,f0 <__udivsi3+0x1c>
      fe:	8082                	ret

00000100 <__umodsi3>:
     100:	8286                	mv	t0,ra
     102:	3fc9                	jal	d4 <__udivsi3>
     104:	852e                	mv	a0,a1
     106:	8282                	jr	t0
     108:	40a00533          	neg	a0,a0
     10c:	0005d763          	bgez	a1,11a <__umodsi3+0x1a>
     110:	40b005b3          	neg	a1,a1
     114:	b7c1                	j	d4 <__udivsi3>
     116:	40b005b3          	neg	a1,a1
     11a:	8286                	mv	t0,ra
     11c:	3f65                	jal	d4 <__udivsi3>
     11e:	40a00533          	neg	a0,a0
     122:	8282                	jr	t0

00000124 <__modsi3>:
     124:	8286                	mv	t0,ra
     126:	0005c763          	bltz	a1,134 <__modsi3+0x10>
     12a:	00054963          	bltz	a0,13c <__modsi3+0x18>
     12e:	375d                	jal	d4 <__udivsi3>
     130:	852e                	mv	a0,a1
     132:	8282                	jr	t0
     134:	40b005b3          	neg	a1,a1
     138:	fe055be3          	bgez	a0,12e <__modsi3+0xa>
     13c:	40a00533          	neg	a0,a0
     140:	3f51                	jal	d4 <__udivsi3>
     142:	40b00533          	neg	a0,a1
     146:	8282                	jr	t0
	...

0000014a <I2C_init_for_SSD1306>:
     14a:	f57ff2ef          	jal	t0,a0 <__riscv_save_0>
     14e:	1111                	addi	sp,sp,-28
     150:	842a                	mv	s0,a0
     152:	4585                	li	a1,1
     154:	4545                	li	a0,17
     156:	2a9000ef          	jal	ra,bfe <RCC_APB2PeriphClockCmd>
     15a:	4585                	li	a1,1
     15c:	00200537          	lui	a0,0x200
     160:	2bd000ef          	jal	ra,c1c <RCC_APB1PeriphClockCmd>
     164:	4799                	li	a5,6
     166:	807c                	sh	a5,0(sp)
     168:	47f1                	li	a5,28
     16a:	c43e                	sw	a5,8(sp)
     16c:	858a                	mv	a1,sp
     16e:	478d                	li	a5,3
     170:	40011537          	lui	a0,0x40011
     174:	c23e                	sw	a5,4(sp)
     176:	00011123          	sh	zero,2(sp)
     17a:	7ca000ef          	jal	ra,944 <GPIO_Init>
     17e:	c622                	sw	s0,12(sp)
     180:	40005437          	lui	s0,0x40005
     184:	6791                	lui	a5,0x4
     186:	40000713          	li	a4,1024
     18a:	c802                	sw	zero,16(sp)
     18c:	ca02                	sw	zero,20(sp)
     18e:	cc02                	sw	zero,24(sp)
     190:	006c                	addi	a1,sp,12
     192:	40040513          	addi	a0,s0,1024 # 40005400 <__global_pointer$+0x20004b60>
     196:	81fc                	sh	a5,18(sp)
     198:	83f8                	sh	a4,22(sp)
     19a:	84fc                	sh	a5,24(sp)
     19c:	02f000ef          	jal	ra,9ca <I2C_Init>
     1a0:	4585                	li	a1,1
     1a2:	40040513          	addi	a0,s0,1024
     1a6:	107000ef          	jal	ra,aac <I2C_Cmd>
     1aa:	0171                	addi	sp,sp,28
     1ac:	bdfd                	j	aa <__riscv_restore_0>

000001ae <SSD1306_send_command>:
     1ae:	ef3ff2ef          	jal	t0,a0 <__riscv_save_0>
     1b2:	400057b7          	lui	a5,0x40005
     1b6:	842a                	mv	s0,a0
     1b8:	84ae                	mv	s1,a1
     1ba:	40078713          	addi	a4,a5,1024 # 40005400 <__global_pointer$+0x20004b60>
     1be:	853a                	mv	a0,a4
     1c0:	000205b7          	lui	a1,0x20
     1c4:	161000ef          	jal	ra,b24 <I2C_GetITStatus>
     1c8:	400057b7          	lui	a5,0x40005
     1cc:	40078713          	addi	a4,a5,1024 # 40005400 <__global_pointer$+0x20004b60>
     1d0:	f57d                	bnez	a0,1be <SSD1306_send_command+0x10>
     1d2:	4585                	li	a1,1
     1d4:	853a                	mv	a0,a4
     1d6:	0ef000ef          	jal	ra,ac4 <I2C_GenerateSTART>
     1da:	000307b7          	lui	a5,0x30
     1de:	0785                	addi	a5,a5,1
     1e0:	40005737          	lui	a4,0x40005
     1e4:	85be                	mv	a1,a5
     1e6:	40070513          	addi	a0,a4,1024 # 40005400 <__global_pointer$+0x20004b60>
     1ea:	125000ef          	jal	ra,b0e <I2C_CheckEvent>
     1ee:	000307b7          	lui	a5,0x30
     1f2:	40005737          	lui	a4,0x40005
     1f6:	0785                	addi	a5,a5,1
     1f8:	d565                	beqz	a0,1e0 <SSD1306_send_command+0x32>
     1fa:	200c                	lbu	a1,0(s0)
     1fc:	4601                	li	a2,0
     1fe:	40070513          	addi	a0,a4,1024 # 40005400 <__global_pointer$+0x20004b60>
     202:	0586                	slli	a1,a1,0x1
     204:	0fe5f593          	andi	a1,a1,254
     208:	00070437          	lui	s0,0x70
     20c:	0f1000ef          	jal	ra,afc <I2C_Send7bitAddress>
     210:	08240413          	addi	s0,s0,130 # 70082 <_data_lma+0x6ed32>
     214:	400057b7          	lui	a5,0x40005
     218:	40078513          	addi	a0,a5,1024 # 40005400 <__global_pointer$+0x20004b60>
     21c:	85a2                	mv	a1,s0
     21e:	0f1000ef          	jal	ra,b0e <I2C_CheckEvent>
     222:	400057b7          	lui	a5,0x40005
     226:	d57d                	beqz	a0,214 <SSD1306_send_command+0x66>
     228:	4581                	li	a1,0
     22a:	40078513          	addi	a0,a5,1024 # 40005400 <__global_pointer$+0x20004b60>
     22e:	00070437          	lui	s0,0x70
     232:	0c7000ef          	jal	ra,af8 <I2C_SendData>
     236:	08440413          	addi	s0,s0,132 # 70084 <_data_lma+0x6ed34>
     23a:	400057b7          	lui	a5,0x40005
     23e:	40078513          	addi	a0,a5,1024 # 40005400 <__global_pointer$+0x20004b60>
     242:	85a2                	mv	a1,s0
     244:	0cb000ef          	jal	ra,b0e <I2C_CheckEvent>
     248:	400057b7          	lui	a5,0x40005
     24c:	d57d                	beqz	a0,23a <SSD1306_send_command+0x8c>
     24e:	85a6                	mv	a1,s1
     250:	40078513          	addi	a0,a5,1024 # 40005400 <__global_pointer$+0x20004b60>
     254:	00070437          	lui	s0,0x70
     258:	0a1000ef          	jal	ra,af8 <I2C_SendData>
     25c:	08440413          	addi	s0,s0,132 # 70084 <_data_lma+0x6ed34>
     260:	400054b7          	lui	s1,0x40005
     264:	85a2                	mv	a1,s0
     266:	40048513          	addi	a0,s1,1024 # 40005400 <__global_pointer$+0x20004b60>
     26a:	0a5000ef          	jal	ra,b0e <I2C_CheckEvent>
     26e:	d96d                	beqz	a0,260 <SSD1306_send_command+0xb2>
     270:	4585                	li	a1,1
     272:	40048513          	addi	a0,s1,1024
     276:	069000ef          	jal	ra,ade <I2C_GenerateSTOP>
     27a:	bd05                	j	aa <__riscv_restore_0>

0000027c <SSD1306_init>:
     27c:	01851793          	slli	a5,a0,0x18
     280:	87e1                	srai	a5,a5,0x18
     282:	0007d363          	bgez	a5,288 <SSD1306_init+0xc>
     286:	a001                	j	286 <SSD1306_init+0xa>
     288:	47b9                	li	a5,14
     28a:	00b7e363          	bltu	a5,a1,290 <SSD1306_init+0x14>
     28e:	a001                	j	28e <SSD1306_init+0x12>
     290:	e11ff2ef          	jal	t0,a0 <__riscv_save_0>
     294:	1141                	addi	sp,sp,-16
     296:	84aa                	mv	s1,a0
     298:	3e800513          	li	a0,1000
     29c:	842e                	mv	s0,a1
     29e:	2b3000ef          	jal	ra,d50 <Delay_Ms>
     2a2:	40000513          	li	a0,1024
     2a6:	35f000ef          	jal	ra,e04 <malloc>
     2aa:	c22a                	sw	a0,4(sp)
     2ac:	0ae00593          	li	a1,174
     2b0:	850a                	mv	a0,sp
     2b2:	8044                	sb	s1,0(sp)
     2b4:	80c0                	sb	s0,1(sp)
     2b6:	3de5                	jal	1ae <SSD1306_send_command>
     2b8:	0d500593          	li	a1,213
     2bc:	850a                	mv	a0,sp
     2be:	3dc5                	jal	1ae <SSD1306_send_command>
     2c0:	0f000593          	li	a1,240
     2c4:	850a                	mv	a0,sp
     2c6:	35e5                	jal	1ae <SSD1306_send_command>
     2c8:	0a800593          	li	a1,168
     2cc:	850a                	mv	a0,sp
     2ce:	35c5                	jal	1ae <SSD1306_send_command>
     2d0:	fff40593          	addi	a1,s0,-1
     2d4:	0ff5f593          	andi	a1,a1,255
     2d8:	850a                	mv	a0,sp
     2da:	3dd1                	jal	1ae <SSD1306_send_command>
     2dc:	0d300593          	li	a1,211
     2e0:	850a                	mv	a0,sp
     2e2:	35f1                	jal	1ae <SSD1306_send_command>
     2e4:	04000593          	li	a1,64
     2e8:	850a                	mv	a0,sp
     2ea:	35d1                	jal	1ae <SSD1306_send_command>
     2ec:	04000593          	li	a1,64
     2f0:	850a                	mv	a0,sp
     2f2:	3d75                	jal	1ae <SSD1306_send_command>
     2f4:	02000593          	li	a1,32
     2f8:	850a                	mv	a0,sp
     2fa:	3d55                	jal	1ae <SSD1306_send_command>
     2fc:	4581                	li	a1,0
     2fe:	850a                	mv	a0,sp
     300:	357d                	jal	1ae <SSD1306_send_command>
     302:	08d00593          	li	a1,141
     306:	850a                	mv	a0,sp
     308:	355d                	jal	1ae <SSD1306_send_command>
     30a:	45d1                	li	a1,20
     30c:	850a                	mv	a0,sp
     30e:	3545                	jal	1ae <SSD1306_send_command>
     310:	0da00593          	li	a1,218
     314:	850a                	mv	a0,sp
     316:	3d61                	jal	1ae <SSD1306_send_command>
     318:	02000793          	li	a5,32
     31c:	4581                	li	a1,0
     31e:	00f40363          	beq	s0,a5,324 <SSD1306_init+0xa8>
     322:	45c1                	li	a1,16
     324:	850a                	mv	a0,sp
     326:	3561                	jal	1ae <SSD1306_send_command>
     328:	850a                	mv	a0,sp
     32a:	08100593          	li	a1,129
     32e:	3541                	jal	1ae <SSD1306_send_command>
     330:	850a                	mv	a0,sp
     332:	4581                	li	a1,0
     334:	3dad                	jal	1ae <SSD1306_send_command>
     336:	850a                	mv	a0,sp
     338:	0d900593          	li	a1,217
     33c:	3d8d                	jal	1ae <SSD1306_send_command>
     33e:	850a                	mv	a0,sp
     340:	45c5                	li	a1,17
     342:	35b5                	jal	1ae <SSD1306_send_command>
     344:	850a                	mv	a0,sp
     346:	0db00593          	li	a1,219
     34a:	3595                	jal	1ae <SSD1306_send_command>
     34c:	850a                	mv	a0,sp
     34e:	4581                	li	a1,0
     350:	3db9                	jal	1ae <SSD1306_send_command>
     352:	850a                	mv	a0,sp
     354:	0a400593          	li	a1,164
     358:	3d99                	jal	1ae <SSD1306_send_command>
     35a:	850a                	mv	a0,sp
     35c:	02e00593          	li	a1,46
     360:	35b9                	jal	1ae <SSD1306_send_command>
     362:	850a                	mv	a0,sp
     364:	0af00593          	li	a1,175
     368:	3599                	jal	1ae <SSD1306_send_command>
     36a:	4502                	lw	a0,0(sp)
     36c:	4592                	lw	a1,4(sp)
     36e:	0141                	addi	sp,sp,16
     370:	bb2d                	j	aa <__riscv_restore_0>

00000372 <SSD1306_draw_pixel>:
     372:	311c                	lbu	a5,1(a0)
     374:	02f67963          	bgeu	a2,a5,3a6 <SSD1306_draw_pixel+0x34>
     378:	01859793          	slli	a5,a1,0x18
     37c:	87e1                	srai	a5,a5,0x18
     37e:	0207c463          	bltz	a5,3a6 <SSD1306_draw_pixel+0x34>
     382:	00365793          	srli	a5,a2,0x3
     386:	079e                	slli	a5,a5,0x7
     388:	97ae                	add	a5,a5,a1
     38a:	414c                	lw	a1,4(a0)
     38c:	00767713          	andi	a4,a2,7
     390:	4605                	li	a2,1
     392:	00e61633          	sll	a2,a2,a4
     396:	95be                	add	a1,a1,a5
     398:	0662                	slli	a2,a2,0x18
     39a:	00058783          	lb	a5,0(a1) # 20000 <_data_lma+0x1ecb0>
     39e:	8661                	srai	a2,a2,0x18
     3a0:	c681                	beqz	a3,3a8 <SSD1306_draw_pixel+0x36>
     3a2:	8e5d                	or	a2,a2,a5
     3a4:	a190                	sb	a2,0(a1)
     3a6:	8082                	ret
     3a8:	fff64613          	not	a2,a2
     3ac:	8e7d                	and	a2,a2,a5
     3ae:	bfdd                	j	3a4 <SSD1306_draw_pixel+0x32>

000003b0 <SSD1306_clear>:
     3b0:	00b035b3          	snez	a1,a1
     3b4:	4601                	li	a2,0
     3b6:	4781                	li	a5,0
     3b8:	40b005b3          	neg	a1,a1
     3bc:	08000313          	li	t1,128
     3c0:	3118                	lbu	a4,1(a0)
     3c2:	830d                	srli	a4,a4,0x3
     3c4:	00e7e363          	bltu	a5,a4,3ca <SSD1306_clear+0x1a>
     3c8:	8082                	ret
     3ca:	4681                	li	a3,0
     3cc:	4158                	lw	a4,4(a0)
     3ce:	9732                	add	a4,a4,a2
     3d0:	9736                	add	a4,a4,a3
     3d2:	a30c                	sb	a1,0(a4)
     3d4:	0685                	addi	a3,a3,1
     3d6:	fe669be3          	bne	a3,t1,3cc <SSD1306_clear+0x1c>
     3da:	0785                	addi	a5,a5,1
     3dc:	0ff7f793          	andi	a5,a5,255
     3e0:	08060613          	addi	a2,a2,128
     3e4:	bff1                	j	3c0 <SSD1306_clear+0x10>

000003e6 <SSD1306_set_contrast>:
     3e6:	cbbff2ef          	jal	t0,a0 <__riscv_save_0>
     3ea:	84ae                	mv	s1,a1
     3ec:	08100593          	li	a1,129
     3f0:	842a                	mv	s0,a0
     3f2:	3b75                	jal	1ae <SSD1306_send_command>
     3f4:	85a6                	mv	a1,s1
     3f6:	8522                	mv	a0,s0
     3f8:	3b5d                	jal	1ae <SSD1306_send_command>
     3fa:	b945                	j	aa <__riscv_restore_0>

000003fc <SSD1306_fast_render_screen>:
     3fc:	ca5ff2ef          	jal	t0,a0 <__riscv_save_0>
     400:	1151                	addi	sp,sp,-12
     402:	02200593          	li	a1,34
     406:	842a                	mv	s0,a0
     408:	335d                	jal	1ae <SSD1306_send_command>
     40a:	4581                	li	a1,0
     40c:	8522                	mv	a0,s0
     40e:	3345                	jal	1ae <SSD1306_send_command>
     410:	458d                	li	a1,3
     412:	8522                	mv	a0,s0
     414:	3b69                	jal	1ae <SSD1306_send_command>
     416:	02100593          	li	a1,33
     41a:	8522                	mv	a0,s0
     41c:	3b49                	jal	1ae <SSD1306_send_command>
     41e:	4581                	li	a1,0
     420:	8522                	mv	a0,s0
     422:	3371                	jal	1ae <SSD1306_send_command>
     424:	07f00593          	li	a1,127
     428:	8522                	mv	a0,s0
     42a:	3351                	jal	1ae <SSD1306_send_command>
     42c:	400054b7          	lui	s1,0x40005
     430:	40048793          	addi	a5,s1,1024 # 40005400 <__global_pointer$+0x20004b60>
     434:	853e                	mv	a0,a5
     436:	000205b7          	lui	a1,0x20
     43a:	6ea000ef          	jal	ra,b24 <I2C_GetITStatus>
     43e:	400057b7          	lui	a5,0x40005
     442:	40078793          	addi	a5,a5,1024 # 40005400 <__global_pointer$+0x20004b60>
     446:	f57d                	bnez	a0,434 <SSD1306_fast_render_screen+0x38>
     448:	40048513          	addi	a0,s1,1024
     44c:	4585                	li	a1,1
     44e:	000304b7          	lui	s1,0x30
     452:	2d8d                	jal	ac4 <I2C_GenerateSTART>
     454:	0485                	addi	s1,s1,1
     456:	400057b7          	lui	a5,0x40005
     45a:	40078513          	addi	a0,a5,1024 # 40005400 <__global_pointer$+0x20004b60>
     45e:	85a6                	mv	a1,s1
     460:	6ae000ef          	jal	ra,b0e <I2C_CheckEvent>
     464:	400057b7          	lui	a5,0x40005
     468:	d57d                	beqz	a0,456 <SSD1306_fast_render_screen+0x5a>
     46a:	200c                	lbu	a1,0(s0)
     46c:	4601                	li	a2,0
     46e:	40078513          	addi	a0,a5,1024 # 40005400 <__global_pointer$+0x20004b60>
     472:	0586                	slli	a1,a1,0x1
     474:	0fe5f593          	andi	a1,a1,254
     478:	000704b7          	lui	s1,0x70
     47c:	2541                	jal	afc <I2C_Send7bitAddress>
     47e:	08248493          	addi	s1,s1,130 # 70082 <_data_lma+0x6ed32>
     482:	400057b7          	lui	a5,0x40005
     486:	40078513          	addi	a0,a5,1024 # 40005400 <__global_pointer$+0x20004b60>
     48a:	85a6                	mv	a1,s1
     48c:	2549                	jal	b0e <I2C_CheckEvent>
     48e:	400057b7          	lui	a5,0x40005
     492:	d965                	beqz	a0,482 <SSD1306_fast_render_screen+0x86>
     494:	04000593          	li	a1,64
     498:	40078513          	addi	a0,a5,1024 # 40005400 <__global_pointer$+0x20004b60>
     49c:	000704b7          	lui	s1,0x70
     4a0:	2da1                	jal	af8 <I2C_SendData>
     4a2:	08448493          	addi	s1,s1,132 # 70084 <_data_lma+0x6ed34>
     4a6:	40005537          	lui	a0,0x40005
     4aa:	85a6                	mv	a1,s1
     4ac:	40050513          	addi	a0,a0,1024 # 40005400 <__global_pointer$+0x20004b60>
     4b0:	2db9                	jal	b0e <I2C_CheckEvent>
     4b2:	d975                	beqz	a0,4a6 <SSD1306_fast_render_screen+0xaa>
     4b4:	4601                	li	a2,0
     4b6:	4781                	li	a5,0
     4b8:	3018                	lbu	a4,1(s0)
     4ba:	830d                	srli	a4,a4,0x3
     4bc:	00e7ea63          	bltu	a5,a4,4d0 <SSD1306_fast_render_screen+0xd4>
     4c0:	40005537          	lui	a0,0x40005
     4c4:	4585                	li	a1,1
     4c6:	40050513          	addi	a0,a0,1024 # 40005400 <__global_pointer$+0x20004b60>
     4ca:	2d11                	jal	ade <I2C_GenerateSTOP>
     4cc:	0131                	addi	sp,sp,12
     4ce:	bef1                	j	aa <__riscv_restore_0>
     4d0:	400054b7          	lui	s1,0x40005
     4d4:	4681                	li	a3,0
     4d6:	40048493          	addi	s1,s1,1024 # 40005400 <__global_pointer$+0x20004b60>
     4da:	4058                	lw	a4,4(s0)
     4dc:	8526                	mv	a0,s1
     4de:	c43e                	sw	a5,8(sp)
     4e0:	9732                	add	a4,a4,a2
     4e2:	9736                	add	a4,a4,a3
     4e4:	230c                	lbu	a1,0(a4)
     4e6:	c232                	sw	a2,4(sp)
     4e8:	c036                	sw	a3,0(sp)
     4ea:	2539                	jal	af8 <I2C_SendData>
     4ec:	47a2                	lw	a5,8(sp)
     4ee:	4612                	lw	a2,4(sp)
     4f0:	4682                	lw	a3,0(sp)
     4f2:	00070737          	lui	a4,0x70
     4f6:	08470713          	addi	a4,a4,132 # 70084 <_data_lma+0x6ed34>
     4fa:	85ba                	mv	a1,a4
     4fc:	8526                	mv	a0,s1
     4fe:	c436                	sw	a3,8(sp)
     500:	c232                	sw	a2,4(sp)
     502:	c03e                	sw	a5,0(sp)
     504:	2529                	jal	b0e <I2C_CheckEvent>
     506:	000707b7          	lui	a5,0x70
     50a:	08478713          	addi	a4,a5,132 # 70084 <_data_lma+0x6ed34>
     50e:	4612                	lw	a2,4(sp)
     510:	4782                	lw	a5,0(sp)
     512:	46a2                	lw	a3,8(sp)
     514:	d17d                	beqz	a0,4fa <SSD1306_fast_render_screen+0xfe>
     516:	0685                	addi	a3,a3,1
     518:	08000713          	li	a4,128
     51c:	fae69fe3          	bne	a3,a4,4da <SSD1306_fast_render_screen+0xde>
     520:	0785                	addi	a5,a5,1
     522:	0ff7f793          	andi	a5,a5,255
     526:	08060613          	addi	a2,a2,128
     52a:	b779                	j	4b8 <SSD1306_fast_render_screen+0xbc>

0000052c <SSD1306_draw_char>:
     52c:	b75ff2ef          	jal	t0,a0 <__riscv_save_0>
     530:	219c                	lbu	a5,0(a1)
     532:	1101                	addi	sp,sp,-32
     534:	c636                	sw	a3,12(sp)
     536:	fff78693          	addi	a3,a5,-1
     53a:	c03e                	sw	a5,0(sp)
     53c:	41f6d793          	srai	a5,a3,0x1f
     540:	8b9d                	andi	a5,a5,7
     542:	97b6                	add	a5,a5,a3
     544:	878d                	srai	a5,a5,0x3
     546:	0785                	addi	a5,a5,1
     548:	0ff7f793          	andi	a5,a5,255
     54c:	3180                	lbu	s0,1(a1)
     54e:	c42a                	sw	a0,8(sp)
     550:	84ae                	mv	s1,a1
     552:	fd060513          	addi	a0,a2,-48
     556:	85be                	mv	a1,a5
     558:	c83a                	sw	a4,16(sp)
     55a:	c23e                	sw	a5,4(sp)
     55c:	3ea1                	jal	b4 <__mulsi3>
     55e:	85a2                	mv	a1,s0
     560:	3e91                	jal	b4 <__mulsi3>
     562:	4742                	lw	a4,16(sp)
     564:	00250293          	addi	t0,a0,2
     568:	943a                	add	s0,s0,a4
     56a:	0ff47793          	andi	a5,s0,255
     56e:	04f70c63          	beq	a4,a5,5c6 <SSD1306_draw_char+0x9a>
     572:	4401                	li	s0,0
     574:	005483b3          	add	t2,s1,t0
     578:	a835                	j	5b4 <SSD1306_draw_char+0x88>
     57a:	00345613          	srli	a2,s0,0x3
     57e:	961e                	add	a2,a2,t2
     580:	ce3e                	sw	a5,28(sp)
     582:	47b2                	lw	a5,12(sp)
     584:	2210                	lbu	a2,0(a2)
     586:	00747593          	andi	a1,s0,7
     58a:	4685                	li	a3,1
     58c:	4522                	lw	a0,8(sp)
     58e:	00b696b3          	sll	a3,a3,a1
     592:	00f405b3          	add	a1,s0,a5
     596:	8ef1                	and	a3,a3,a2
     598:	0ff5f593          	andi	a1,a1,255
     59c:	863a                	mv	a2,a4
     59e:	cc16                	sw	t0,24(sp)
     5a0:	ca1e                	sw	t2,20(sp)
     5a2:	c83a                	sw	a4,16(sp)
     5a4:	33f9                	jal	372 <SSD1306_draw_pixel>
     5a6:	47f2                	lw	a5,28(sp)
     5a8:	42e2                	lw	t0,24(sp)
     5aa:	43d2                	lw	t2,20(sp)
     5ac:	4742                	lw	a4,16(sp)
     5ae:	0405                	addi	s0,s0,1
     5b0:	0ff47413          	andi	s0,s0,255
     5b4:	4682                	lw	a3,0(sp)
     5b6:	fcd412e3          	bne	s0,a3,57a <SSD1306_draw_char+0x4e>
     5ba:	4692                	lw	a3,4(sp)
     5bc:	0705                	addi	a4,a4,1
     5be:	0ff77713          	andi	a4,a4,255
     5c2:	92b6                	add	t0,t0,a3
     5c4:	b76d                	j	56e <SSD1306_draw_char+0x42>
     5c6:	6105                	addi	sp,sp,32
     5c8:	b4cd                	j	aa <__riscv_restore_0>

000005ca <SSD1306_write>:
     5ca:	0005c303          	lbu	t1,0(a1) # 20000 <_data_lma+0x1ecb0>
     5ce:	08000793          	li	a5,128
     5d2:	0267ff63          	bgeu	a5,t1,610 <SSD1306_write+0x46>
     5d6:	a001                	j	5d6 <SSD1306_write+0xc>
     5d8:	200c                	lbu	a1,0(s0)
     5da:	853e                	mv	a0,a5
     5dc:	c81a                	sw	t1,16(sp)
     5de:	c632                	sw	a2,12(sp)
     5e0:	c43e                	sw	a5,8(sp)
     5e2:	3cc9                	jal	b4 <__mulsi3>
     5e4:	4792                	lw	a5,4(sp)
     5e6:	4632                	lw	a2,12(sp)
     5e8:	8726                	mv	a4,s1
     5ea:	00a786b3          	add	a3,a5,a0
     5ee:	4502                	lw	a0,0(sp)
     5f0:	0ff6f693          	andi	a3,a3,255
     5f4:	85a2                	mv	a1,s0
     5f6:	3f1d                	jal	52c <SSD1306_draw_char>
     5f8:	47a2                	lw	a5,8(sp)
     5fa:	4342                	lw	t1,16(sp)
     5fc:	0785                	addi	a5,a5,1
     5fe:	0ff7f793          	andi	a5,a5,255
     602:	00f30733          	add	a4,t1,a5
     606:	00070603          	lb	a2,0(a4)
     60a:	f679                	bnez	a2,5d8 <SSD1306_write+0xe>
     60c:	0151                	addi	sp,sp,20
     60e:	bc71                	j	aa <__riscv_restore_0>
     610:	a91ff2ef          	jal	t0,a0 <__riscv_save_0>
     614:	1131                	addi	sp,sp,-20
     616:	84ba                	mv	s1,a4
     618:	c236                	sw	a3,4(sp)
     61a:	8332                	mv	t1,a2
     61c:	842e                	mv	s0,a1
     61e:	c02a                	sw	a0,0(sp)
     620:	4781                	li	a5,0
     622:	b7c5                	j	602 <SSD1306_write+0x38>

00000624 <NMI_Handler>:
     624:	a001                	j	624 <NMI_Handler>

00000626 <HardFault_Handler>:
     626:	a001                	j	626 <HardFault_Handler>

00000628 <main>:
     628:	a79ff2ef          	jal	t0,a0 <__riscv_save_0>
     62c:	1121                	addi	sp,sp,-24
     62e:	4505                	li	a0,1
     630:	2b11                	jal	b44 <NVIC_PriorityGroupConfig>
     632:	2415                	jal	856 <SystemCoreClockUpdate>
     634:	25e5                	jal	d1c <Delay_Init>
     636:	6571                	lui	a0,0x1c
     638:	20050513          	addi	a0,a0,512 # 1c200 <_data_lma+0x1aeb0>
     63c:	74e000ef          	jal	ra,d8a <USART_Printf_Init>
     640:	6561                	lui	a0,0x18
     642:	6a050513          	addi	a0,a0,1696 # 186a0 <_data_lma+0x17350>
     646:	3611                	jal	14a <I2C_init_for_SSD1306>
     648:	02000593          	li	a1,32
     64c:	03c00513          	li	a0,60
     650:	3135                	jal	27c <SSD1306_init>
     652:	c22a                	sw	a0,4(sp)
     654:	c42e                	sw	a1,8(sp)
     656:	0048                	addi	a0,sp,4
     658:	4581                	li	a1,0
     65a:	3b99                	jal	3b0 <SSD1306_clear>
     65c:	4681                	li	a3,0
     65e:	4601                	li	a2,0
     660:	4585                	li	a1,1
     662:	0048                	addi	a0,sp,4
     664:	3339                	jal	372 <SSD1306_draw_pixel>
     666:	4685                	li	a3,1
     668:	4605                	li	a2,1
     66a:	4585                	li	a1,1
     66c:	0048                	addi	a0,sp,4
     66e:	3311                	jal	372 <SSD1306_draw_pixel>
     670:	4689                	li	a3,2
     672:	4609                	li	a2,2
     674:	4585                	li	a1,1
     676:	0048                	addi	a0,sp,4
     678:	39ed                	jal	372 <SSD1306_draw_pixel>
     67a:	468d                	li	a3,3
     67c:	460d                	li	a2,3
     67e:	4585                	li	a1,1
     680:	0048                	addi	a0,sp,4
     682:	39c5                	jal	372 <SSD1306_draw_pixel>
     684:	0b400593          	li	a1,180
     688:	0048                	addi	a0,sp,4
     68a:	3bb1                	jal	3e6 <SSD1306_set_contrast>
     68c:	4585                	li	a1,1
     68e:	02000513          	li	a0,32
     692:	23b5                	jal	bfe <RCC_APB2PeriphClockCmd>
     694:	4785                	li	a5,1
     696:	867c                	sh	a5,12(sp)
     698:	40011537          	lui	a0,0x40011
     69c:	47c1                	li	a5,16
     69e:	ca3e                	sw	a5,20(sp)
     6a0:	006c                	addi	a1,sp,12
     6a2:	478d                	li	a5,3
     6a4:	40050513          	addi	a0,a0,1024 # 40011400 <__global_pointer$+0x20010b60>
     6a8:	c83e                	sw	a5,16(sp)
     6aa:	2c69                	jal	944 <GPIO_Init>
     6ac:	0048                	addi	a0,sp,4
     6ae:	33b9                	jal	3fc <SSD1306_fast_render_screen>
     6b0:	4401                	li	s0,0
     6b2:	6485                	lui	s1,0x1
     6b4:	fff44413          	not	s0,s0
     6b8:	40011537          	lui	a0,0x40011
     6bc:	8622                	mv	a2,s0
     6be:	4585                	li	a1,1
     6c0:	40050513          	addi	a0,a0,1024 # 40011400 <__global_pointer$+0x20010b60>
     6c4:	2cf5                	jal	9c0 <GPIO_WriteBit>
     6c6:	3e800513          	li	a0,1000
     6ca:	2559                	jal	d50 <Delay_Ms>
     6cc:	6585                	lui	a1,0x1
     6ce:	4701                	li	a4,0
     6d0:	4681                	li	a3,0
     6d2:	f1448613          	addi	a2,s1,-236 # f14 <__malloc_unlock+0x4>
     6d6:	f1c58593          	addi	a1,a1,-228 # f1c <font_data>
     6da:	0048                	addi	a0,sp,4
     6dc:	35fd                	jal	5ca <SSD1306_write>
     6de:	0048                	addi	a0,sp,4
     6e0:	3b31                	jal	3fc <SSD1306_fast_render_screen>
     6e2:	4781                	li	a5,0
     6e4:	85be                	mv	a1,a5
     6e6:	0048                	addi	a0,sp,4
     6e8:	c03e                	sw	a5,0(sp)
     6ea:	39f5                	jal	3e6 <SSD1306_set_contrast>
     6ec:	4529                	li	a0,10
     6ee:	258d                	jal	d50 <Delay_Ms>
     6f0:	4782                	lw	a5,0(sp)
     6f2:	0ff00713          	li	a4,255
     6f6:	0785                	addi	a5,a5,1
     6f8:	0ff7f793          	andi	a5,a5,255
     6fc:	fee794e3          	bne	a5,a4,6e4 <main+0xbc>
     700:	0fe00793          	li	a5,254
     704:	85be                	mv	a1,a5
     706:	0048                	addi	a0,sp,4
     708:	c03e                	sw	a5,0(sp)
     70a:	39f1                	jal	3e6 <SSD1306_set_contrast>
     70c:	4529                	li	a0,10
     70e:	2589                	jal	d50 <Delay_Ms>
     710:	4782                	lw	a5,0(sp)
     712:	17fd                	addi	a5,a5,-1
     714:	0ff7f793          	andi	a5,a5,255
     718:	f7f5                	bnez	a5,704 <main+0xdc>
     71a:	4581                	li	a1,0
     71c:	0048                	addi	a0,sp,4
     71e:	3949                	jal	3b0 <SSD1306_clear>
     720:	bf51                	j	6b4 <main+0x8c>

00000722 <SystemInit>:
     722:	97fff2ef          	jal	t0,a0 <__riscv_save_0>
     726:	40021437          	lui	s0,0x40021
     72a:	401c                	lw	a5,0(s0)
     72c:	f8ff0737          	lui	a4,0xf8ff0
     730:	1161                	addi	sp,sp,-8
     732:	0017e793          	ori	a5,a5,1
     736:	c01c                	sw	a5,0(s0)
     738:	405c                	lw	a5,4(s0)
     73a:	4541                	li	a0,16
     73c:	8ff9                	and	a5,a5,a4
     73e:	c05c                	sw	a5,4(s0)
     740:	401c                	lw	a5,0(s0)
     742:	fef70737          	lui	a4,0xfef70
     746:	177d                	addi	a4,a4,-1
     748:	8ff9                	and	a5,a5,a4
     74a:	c01c                	sw	a5,0(s0)
     74c:	401c                	lw	a5,0(s0)
     74e:	fffc0737          	lui	a4,0xfffc0
     752:	177d                	addi	a4,a4,-1
     754:	8ff9                	and	a5,a5,a4
     756:	c01c                	sw	a5,0(s0)
     758:	405c                	lw	a5,4(s0)
     75a:	7741                	lui	a4,0xffff0
     75c:	177d                	addi	a4,a4,-1
     75e:	8ff9                	and	a5,a5,a4
     760:	c05c                	sw	a5,4(s0)
     762:	009f07b7          	lui	a5,0x9f0
     766:	c41c                	sw	a5,8(s0)
     768:	26cd                	jal	b4a <RCC_AdjustHSICalibrationValue>
     76a:	4c1c                	lw	a5,24(s0)
     76c:	00020637          	lui	a2,0x20
     770:	0207e793          	ori	a5,a5,32
     774:	cc1c                	sw	a5,24(s0)
     776:	400117b7          	lui	a5,0x40011
     77a:	4007a703          	lw	a4,1024(a5) # 40011400 <__global_pointer$+0x20010b60>
     77e:	40078693          	addi	a3,a5,1024
     782:	f0f77713          	andi	a4,a4,-241
     786:	40e7a023          	sw	a4,1024(a5)
     78a:	4007a703          	lw	a4,1024(a5)
     78e:	08076713          	ori	a4,a4,128
     792:	40e7a023          	sw	a4,1024(a5)
     796:	4789                	li	a5,2
     798:	ca9c                	sw	a5,16(a3)
     79a:	c002                	sw	zero,0(sp)
     79c:	c202                	sw	zero,4(sp)
     79e:	4c1c                	lw	a5,24(s0)
     7a0:	40010737          	lui	a4,0x40010
     7a4:	66a1                	lui	a3,0x8
     7a6:	0017e793          	ori	a5,a5,1
     7aa:	cc1c                	sw	a5,24(s0)
     7ac:	435c                	lw	a5,4(a4)
     7ae:	8fd5                	or	a5,a5,a3
     7b0:	c35c                	sw	a5,4(a4)
     7b2:	401c                	lw	a5,0(s0)
     7b4:	6741                	lui	a4,0x10
     7b6:	400216b7          	lui	a3,0x40021
     7ba:	8fd9                	or	a5,a5,a4
     7bc:	c01c                	sw	a5,0(s0)
     7be:	6709                	lui	a4,0x2
     7c0:	429c                	lw	a5,0(a3)
     7c2:	8ff1                	and	a5,a5,a2
     7c4:	c23e                	sw	a5,4(sp)
     7c6:	4782                	lw	a5,0(sp)
     7c8:	0785                	addi	a5,a5,1
     7ca:	c03e                	sw	a5,0(sp)
     7cc:	4792                	lw	a5,4(sp)
     7ce:	e781                	bnez	a5,7d6 <SystemInit+0xb4>
     7d0:	4782                	lw	a5,0(sp)
     7d2:	fee797e3          	bne	a5,a4,7c0 <SystemInit+0x9e>
     7d6:	400217b7          	lui	a5,0x40021
     7da:	439c                	lw	a5,0(a5)
     7dc:	00e79713          	slli	a4,a5,0xe
     7e0:	06075963          	bgez	a4,852 <SystemInit+0x130>
     7e4:	4785                	li	a5,1
     7e6:	c23e                	sw	a5,4(sp)
     7e8:	4712                	lw	a4,4(sp)
     7ea:	4785                	li	a5,1
     7ec:	06f71063          	bne	a4,a5,84c <SystemInit+0x12a>
     7f0:	400227b7          	lui	a5,0x40022
     7f4:	4398                	lw	a4,0(a5)
     7f6:	76c1                	lui	a3,0xffff0
     7f8:	16fd                	addi	a3,a3,-1
     7fa:	9b71                	andi	a4,a4,-4
     7fc:	c398                	sw	a4,0(a5)
     7fe:	4398                	lw	a4,0(a5)
     800:	00176713          	ori	a4,a4,1
     804:	c398                	sw	a4,0(a5)
     806:	400217b7          	lui	a5,0x40021
     80a:	43d8                	lw	a4,4(a5)
     80c:	c3d8                	sw	a4,4(a5)
     80e:	43d8                	lw	a4,4(a5)
     810:	8f75                	and	a4,a4,a3
     812:	c3d8                	sw	a4,4(a5)
     814:	43d8                	lw	a4,4(a5)
     816:	66c1                	lui	a3,0x10
     818:	8f55                	or	a4,a4,a3
     81a:	c3d8                	sw	a4,4(a5)
     81c:	4398                	lw	a4,0(a5)
     81e:	010006b7          	lui	a3,0x1000
     822:	8f55                	or	a4,a4,a3
     824:	c398                	sw	a4,0(a5)
     826:	4398                	lw	a4,0(a5)
     828:	00671693          	slli	a3,a4,0x6
     82c:	fe06dde3          	bgez	a3,826 <SystemInit+0x104>
     830:	43d8                	lw	a4,4(a5)
     832:	400216b7          	lui	a3,0x40021
     836:	9b71                	andi	a4,a4,-4
     838:	c3d8                	sw	a4,4(a5)
     83a:	43d8                	lw	a4,4(a5)
     83c:	00276713          	ori	a4,a4,2
     840:	c3d8                	sw	a4,4(a5)
     842:	4721                	li	a4,8
     844:	42dc                	lw	a5,4(a3)
     846:	8bb1                	andi	a5,a5,12
     848:	fee79ee3          	bne	a5,a4,844 <SystemInit+0x122>
     84c:	0121                	addi	sp,sp,8
     84e:	85dff06f          	j	aa <__riscv_restore_0>
     852:	c202                	sw	zero,4(sp)
     854:	bf51                	j	7e8 <SystemInit+0xc6>

00000856 <SystemCoreClockUpdate>:
     856:	84bff2ef          	jal	t0,a0 <__riscv_save_0>
     85a:	40021737          	lui	a4,0x40021
     85e:	435c                	lw	a5,4(a4)
     860:	20000437          	lui	s0,0x20000
     864:	4691                	li	a3,4
     866:	8bb1                	andi	a5,a5,12
     868:	01040413          	addi	s0,s0,16 # 20000010 <SystemCoreClock>
     86c:	00d78563          	beq	a5,a3,876 <SystemCoreClockUpdate+0x20>
     870:	46a1                	li	a3,8
     872:	04d78263          	beq	a5,a3,8b6 <SystemCoreClockUpdate+0x60>
     876:	016e37b7          	lui	a5,0x16e3
     87a:	60078793          	addi	a5,a5,1536 # 16e3600 <_data_lma+0x16e22b0>
     87e:	c01c                	sw	a5,0(s0)
     880:	400216b7          	lui	a3,0x40021
     884:	42dc                	lw	a5,4(a3)
     886:	4008                	lw	a0,0(s0)
     888:	8391                	srli	a5,a5,0x4
     88a:	00f7f713          	andi	a4,a5,15
     88e:	200007b7          	lui	a5,0x20000
     892:	00078793          	mv	a5,a5
     896:	97ba                	add	a5,a5,a4
     898:	238c                	lbu	a1,0(a5)
     89a:	42dc                	lw	a5,4(a3)
     89c:	0ff5f593          	andi	a1,a1,255
     8a0:	0807f793          	andi	a5,a5,128
     8a4:	00b55733          	srl	a4,a0,a1
     8a8:	e781                	bnez	a5,8b0 <SystemCoreClockUpdate+0x5a>
     8aa:	82bff0ef          	jal	ra,d4 <__udivsi3>
     8ae:	872a                	mv	a4,a0
     8b0:	c018                	sw	a4,0(s0)
     8b2:	ff8ff06f          	j	aa <__riscv_restore_0>
     8b6:	435c                	lw	a5,4(a4)
     8b8:	02dc77b7          	lui	a5,0x2dc7
     8bc:	c0078793          	addi	a5,a5,-1024 # 2dc6c00 <_data_lma+0x2dc58b0>
     8c0:	bf7d                	j	87e <SystemCoreClockUpdate+0x28>

000008c2 <ADC1_IRQHandler>:
     8c2:	a001                	j	8c2 <ADC1_IRQHandler>

000008c4 <handle_reset>:
     8c4:	20000197          	auipc	gp,0x20000
     8c8:	fdc18193          	addi	gp,gp,-36 # 200008a0 <__global_pointer$>
     8cc:	f6018113          	addi	sp,gp,-160 # 20000800 <_eusrstack>
     8d0:	00001517          	auipc	a0,0x1
     8d4:	a8050513          	addi	a0,a0,-1408 # 1350 <_data_lma>
     8d8:	1ffff597          	auipc	a1,0x1ffff
     8dc:	72858593          	addi	a1,a1,1832 # 20000000 <_data_vma>
     8e0:	80818613          	addi	a2,gp,-2040 # 200000a8 <_edata>
     8e4:	00c5fa63          	bgeu	a1,a2,8f8 <handle_reset+0x34>
     8e8:	00052283          	lw	t0,0(a0)
     8ec:	0055a023          	sw	t0,0(a1)
     8f0:	0511                	addi	a0,a0,4
     8f2:	0591                	addi	a1,a1,4
     8f4:	fec5eae3          	bltu	a1,a2,8e8 <handle_reset+0x24>
     8f8:	80818513          	addi	a0,gp,-2040 # 200000a8 <_edata>
     8fc:	81c18593          	addi	a1,gp,-2020 # 200000bc <_ebss>
     900:	00b57763          	bgeu	a0,a1,90e <handle_reset+0x4a>
     904:	00052023          	sw	zero,0(a0)
     908:	0511                	addi	a0,a0,4
     90a:	feb56de3          	bltu	a0,a1,904 <handle_reset+0x40>
     90e:	000022b7          	lui	t0,0x2
     912:	88028293          	addi	t0,t0,-1920 # 1880 <_data_lma+0x530>
     916:	30029073          	csrw	mstatus,t0
     91a:	428d                	li	t0,3
     91c:	80429073          	csrw	0x804,t0
     920:	fffff297          	auipc	t0,0xfffff
     924:	6e028293          	addi	t0,t0,1760 # 0 <_sinit>
     928:	0032e293          	ori	t0,t0,3
     92c:	30529073          	csrw	mtvec,t0
     930:	df3ff0ef          	jal	ra,722 <SystemInit>
     934:	00000297          	auipc	t0,0x0
     938:	cf428293          	addi	t0,t0,-780 # 628 <main>
     93c:	34129073          	csrw	mepc,t0
     940:	30200073          	mret

00000944 <GPIO_Init>:
     944:	4594                	lw	a3,8(a1)
     946:	0106f793          	andi	a5,a3,16
     94a:	00f6f293          	andi	t0,a3,15
     94e:	c781                	beqz	a5,956 <GPIO_Init+0x12>
     950:	41dc                	lw	a5,4(a1)
     952:	00f2e2b3          	or	t0,t0,a5
     956:	0005d383          	lhu	t2,0(a1)
     95a:	0ff3f793          	andi	a5,t2,255
     95e:	c3a5                	beqz	a5,9be <GPIO_Init+0x7a>
     960:	00052303          	lw	t1,0(a0)
     964:	1161                	addi	sp,sp,-8
     966:	c222                	sw	s0,4(sp)
     968:	c026                	sw	s1,0(sp)
     96a:	4781                	li	a5,0
     96c:	02800413          	li	s0,40
     970:	04800493          	li	s1,72
     974:	4705                	li	a4,1
     976:	00f71633          	sll	a2,a4,a5
     97a:	00c3f733          	and	a4,t2,a2
     97e:	02e61263          	bne	a2,a4,9a2 <GPIO_Init+0x5e>
     982:	00279593          	slli	a1,a5,0x2
     986:	473d                	li	a4,15
     988:	00b71733          	sll	a4,a4,a1
     98c:	fff74713          	not	a4,a4
     990:	00677333          	and	t1,a4,t1
     994:	00b295b3          	sll	a1,t0,a1
     998:	0065e333          	or	t1,a1,t1
     99c:	00869d63          	bne	a3,s0,9b6 <GPIO_Init+0x72>
     9a0:	c950                	sw	a2,20(a0)
     9a2:	0785                	addi	a5,a5,1
     9a4:	4721                	li	a4,8
     9a6:	fce797e3          	bne	a5,a4,974 <GPIO_Init+0x30>
     9aa:	4412                	lw	s0,4(sp)
     9ac:	00652023          	sw	t1,0(a0)
     9b0:	4482                	lw	s1,0(sp)
     9b2:	0121                	addi	sp,sp,8
     9b4:	8082                	ret
     9b6:	fe9696e3          	bne	a3,s1,9a2 <GPIO_Init+0x5e>
     9ba:	c910                	sw	a2,16(a0)
     9bc:	b7dd                	j	9a2 <GPIO_Init+0x5e>
     9be:	8082                	ret

000009c0 <GPIO_WriteBit>:
     9c0:	c219                	beqz	a2,9c6 <GPIO_WriteBit+0x6>
     9c2:	c90c                	sw	a1,16(a0)
     9c4:	8082                	ret
     9c6:	c94c                	sw	a1,20(a0)
     9c8:	8082                	ret

000009ca <I2C_Init>:
     9ca:	ed6ff2ef          	jal	t0,a0 <__riscv_save_0>
     9ce:	1111                	addi	sp,sp,-28
     9d0:	2146                	lhu	s1,4(a0)
     9d2:	842a                	mv	s0,a0
     9d4:	0028                	addi	a0,sp,8
     9d6:	c02e                	sw	a1,0(sp)
     9d8:	2251                	jal	b5c <RCC_GetClocksFreq>
     9da:	46c2                	lw	a3,16(sp)
     9dc:	04c2                	slli	s1,s1,0x10
     9de:	80c1                	srli	s1,s1,0x10
     9e0:	fc04f493          	andi	s1,s1,-64
     9e4:	000f45b7          	lui	a1,0xf4
     9e8:	24058593          	addi	a1,a1,576 # f4240 <_data_lma+0xf2ef0>
     9ec:	8536                	mv	a0,a3
     9ee:	04c2                	slli	s1,s1,0x10
     9f0:	c236                	sw	a3,4(sp)
     9f2:	80c1                	srli	s1,s1,0x10
     9f4:	ee0ff0ef          	jal	ra,d4 <__udivsi3>
     9f8:	8d45                	or	a0,a0,s1
     9fa:	0542                	slli	a0,a0,0x10
     9fc:	8141                	srli	a0,a0,0x10
     9fe:	a04a                	sh	a0,4(s0)
     a00:	201e                	lhu	a5,0(s0)
     a02:	4692                	lw	a3,4(sp)
     a04:	07c2                	slli	a5,a5,0x10
     a06:	83c1                	srli	a5,a5,0x10
     a08:	9bf9                	andi	a5,a5,-2
     a0a:	07c2                	slli	a5,a5,0x10
     a0c:	83c1                	srli	a5,a5,0x10
     a0e:	a01e                	sh	a5,0(s0)
     a10:	4782                	lw	a5,0(sp)
     a12:	4390                	lw	a2,0(a5)
     a14:	67e1                	lui	a5,0x18
     a16:	6a078793          	addi	a5,a5,1696 # 186a0 <_data_lma+0x17350>
     a1a:	00161593          	slli	a1,a2,0x1
     a1e:	04c7e663          	bltu	a5,a2,a6a <I2C_Init+0xa0>
     a22:	8536                	mv	a0,a3
     a24:	eb0ff0ef          	jal	ra,d4 <__udivsi3>
     a28:	87aa                	mv	a5,a0
     a2a:	0542                	slli	a0,a0,0x10
     a2c:	8141                	srli	a0,a0,0x10
     a2e:	4691                	li	a3,4
     a30:	00d57363          	bgeu	a0,a3,a36 <I2C_Init+0x6c>
     a34:	4791                	li	a5,4
     a36:	01079513          	slli	a0,a5,0x10
     a3a:	8141                	srli	a0,a0,0x10
     a3c:	ac4a                	sh	a0,28(s0)
     a3e:	201e                	lhu	a5,0(s0)
     a40:	4702                	lw	a4,0(sp)
     a42:	0017e793          	ori	a5,a5,1
     a46:	a01e                	sh	a5,0(s0)
     a48:	201e                	lhu	a5,0(s0)
     a4a:	2356                	lhu	a3,4(a4)
     a4c:	2732                	lhu	a2,10(a4)
     a4e:	07c2                	slli	a5,a5,0x10
     a50:	83c1                	srli	a5,a5,0x10
     a52:	8ed1                	or	a3,a3,a2
     a54:	bf57f793          	andi	a5,a5,-1035
     a58:	8fd5                	or	a5,a5,a3
     a5a:	a01e                	sh	a5,0(s0)
     a5c:	2716                	lhu	a3,8(a4)
     a5e:	275e                	lhu	a5,12(a4)
     a60:	8fd5                	or	a5,a5,a3
     a62:	a41e                	sh	a5,8(s0)
     a64:	0171                	addi	sp,sp,28
     a66:	e44ff06f          	j	aa <__riscv_restore_0>
     a6a:	4782                	lw	a5,0(sp)
     a6c:	23ea                	lhu	a0,6(a5)
     a6e:	67b1                	lui	a5,0xc
     a70:	17fd                	addi	a5,a5,-1
     a72:	02f51063          	bne	a0,a5,a92 <I2C_Init+0xc8>
     a76:	95b2                	add	a1,a1,a2
     a78:	8536                	mv	a0,a3
     a7a:	e5aff0ef          	jal	ra,d4 <__udivsi3>
     a7e:	0542                	slli	a0,a0,0x10
     a80:	8141                	srli	a0,a0,0x10
     a82:	01451793          	slli	a5,a0,0x14
     a86:	e399                	bnez	a5,a8c <I2C_Init+0xc2>
     a88:	00156513          	ori	a0,a0,1
     a8c:	67a1                	lui	a5,0x8
     a8e:	8d5d                	or	a0,a0,a5
     a90:	b775                	j	a3c <I2C_Init+0x72>
     a92:	00c587b3          	add	a5,a1,a2
     a96:	078e                	slli	a5,a5,0x3
     a98:	00c785b3          	add	a1,a5,a2
     a9c:	8536                	mv	a0,a3
     a9e:	e36ff0ef          	jal	ra,d4 <__udivsi3>
     aa2:	0542                	slli	a0,a0,0x10
     aa4:	8141                	srli	a0,a0,0x10
     aa6:	6791                	lui	a5,0x4
     aa8:	8d5d                	or	a0,a0,a5
     aaa:	bfe1                	j	a82 <I2C_Init+0xb8>

00000aac <I2C_Cmd>:
     aac:	211e                	lhu	a5,0(a0)
     aae:	c589                	beqz	a1,ab8 <I2C_Cmd+0xc>
     ab0:	0017e793          	ori	a5,a5,1
     ab4:	a11e                	sh	a5,0(a0)
     ab6:	8082                	ret
     ab8:	07c2                	slli	a5,a5,0x10
     aba:	83c1                	srli	a5,a5,0x10
     abc:	9bf9                	andi	a5,a5,-2
     abe:	07c2                	slli	a5,a5,0x10
     ac0:	83c1                	srli	a5,a5,0x10
     ac2:	bfcd                	j	ab4 <I2C_Cmd+0x8>

00000ac4 <I2C_GenerateSTART>:
     ac4:	211e                	lhu	a5,0(a0)
     ac6:	c589                	beqz	a1,ad0 <I2C_GenerateSTART+0xc>
     ac8:	1007e793          	ori	a5,a5,256
     acc:	a11e                	sh	a5,0(a0)
     ace:	8082                	ret
     ad0:	07c2                	slli	a5,a5,0x10
     ad2:	83c1                	srli	a5,a5,0x10
     ad4:	eff7f793          	andi	a5,a5,-257
     ad8:	07c2                	slli	a5,a5,0x10
     ada:	83c1                	srli	a5,a5,0x10
     adc:	bfc5                	j	acc <I2C_GenerateSTART+0x8>

00000ade <I2C_GenerateSTOP>:
     ade:	211e                	lhu	a5,0(a0)
     ae0:	c589                	beqz	a1,aea <I2C_GenerateSTOP+0xc>
     ae2:	2007e793          	ori	a5,a5,512
     ae6:	a11e                	sh	a5,0(a0)
     ae8:	8082                	ret
     aea:	07c2                	slli	a5,a5,0x10
     aec:	83c1                	srli	a5,a5,0x10
     aee:	dff7f793          	andi	a5,a5,-513
     af2:	07c2                	slli	a5,a5,0x10
     af4:	83c1                	srli	a5,a5,0x10
     af6:	bfc5                	j	ae6 <I2C_GenerateSTOP+0x8>

00000af8 <I2C_SendData>:
     af8:	a90e                	sh	a1,16(a0)
     afa:	8082                	ret

00000afc <I2C_Send7bitAddress>:
     afc:	0fe5f793          	andi	a5,a1,254
     b00:	c219                	beqz	a2,b06 <I2C_Send7bitAddress+0xa>
     b02:	0015e793          	ori	a5,a1,1
     b06:	07c2                	slli	a5,a5,0x10
     b08:	83c1                	srli	a5,a5,0x10
     b0a:	a91e                	sh	a5,16(a0)
     b0c:	8082                	ret

00000b0e <I2C_CheckEvent>:
     b0e:	295e                	lhu	a5,20(a0)
     b10:	2d0a                	lhu	a0,24(a0)
     b12:	0542                	slli	a0,a0,0x10
     b14:	8d5d                	or	a0,a0,a5
     b16:	8d6d                	and	a0,a0,a1
     b18:	0522                	slli	a0,a0,0x8
     b1a:	8121                	srli	a0,a0,0x8
     b1c:	8d0d                	sub	a0,a0,a1
     b1e:	00153513          	seqz	a0,a0
     b22:	8082                	ret

00000b24 <I2C_GetITStatus>:
     b24:	215e                	lhu	a5,4(a0)
     b26:	295a                	lhu	a4,20(a0)
     b28:	07c2                	slli	a5,a5,0x10
     b2a:	8f6d                	and	a4,a4,a1
     b2c:	83c1                	srli	a5,a5,0x10
     b2e:	cb09                	beqz	a4,b40 <I2C_GetITStatus+0x1c>
     b30:	0105d513          	srli	a0,a1,0x10
     b34:	8d7d                	and	a0,a0,a5
     b36:	70057513          	andi	a0,a0,1792
     b3a:	00a03533          	snez	a0,a0
     b3e:	8082                	ret
     b40:	4501                	li	a0,0
     b42:	8082                	ret

00000b44 <NVIC_PriorityGroupConfig>:
     b44:	80a1a823          	sw	a0,-2032(gp) # 200000b0 <NVIC_Priority_Group>
     b48:	8082                	ret

00000b4a <RCC_AdjustHSICalibrationValue>:
     b4a:	40021737          	lui	a4,0x40021
     b4e:	431c                	lw	a5,0(a4)
     b50:	050e                	slli	a0,a0,0x3
     b52:	f077f793          	andi	a5,a5,-249
     b56:	8d5d                	or	a0,a0,a5
     b58:	c308                	sw	a0,0(a4)
     b5a:	8082                	ret

00000b5c <RCC_GetClocksFreq>:
     b5c:	d44ff2ef          	jal	t0,a0 <__riscv_save_0>
     b60:	40021737          	lui	a4,0x40021
     b64:	435c                	lw	a5,4(a4)
     b66:	4691                	li	a3,4
     b68:	842a                	mv	s0,a0
     b6a:	8bb1                	andi	a5,a5,12
     b6c:	00d78563          	beq	a5,a3,b76 <RCC_GetClocksFreq+0x1a>
     b70:	46a1                	li	a3,8
     b72:	08d78063          	beq	a5,a3,bf2 <RCC_GetClocksFreq+0x96>
     b76:	016e37b7          	lui	a5,0x16e3
     b7a:	60078793          	addi	a5,a5,1536 # 16e3600 <_data_lma+0x16e22b0>
     b7e:	c01c                	sw	a5,0(s0)
     b80:	400216b7          	lui	a3,0x40021
     b84:	42dc                	lw	a5,4(a3)
     b86:	8391                	srli	a5,a5,0x4
     b88:	00f7f713          	andi	a4,a5,15
     b8c:	200007b7          	lui	a5,0x20000
     b90:	02878793          	addi	a5,a5,40 # 20000028 <APBAHBPrescTable>
     b94:	97ba                	add	a5,a5,a4
     b96:	238c                	lbu	a1,0(a5)
     b98:	42dc                	lw	a5,4(a3)
     b9a:	4018                	lw	a4,0(s0)
     b9c:	0ff5f593          	andi	a1,a1,255
     ba0:	0807f793          	andi	a5,a5,128
     ba4:	00b75533          	srl	a0,a4,a1
     ba8:	e781                	bnez	a5,bb0 <RCC_GetClocksFreq+0x54>
     baa:	853a                	mv	a0,a4
     bac:	d28ff0ef          	jal	ra,d4 <__udivsi3>
     bb0:	c048                	sw	a0,4(s0)
     bb2:	c408                	sw	a0,8(s0)
     bb4:	c448                	sw	a0,12(s0)
     bb6:	400217b7          	lui	a5,0x40021
     bba:	43dc                	lw	a5,4(a5)
     bbc:	468d                	li	a3,3
     bbe:	83ad                	srli	a5,a5,0xb
     bc0:	8bfd                	andi	a5,a5,31
     bc2:	0037d713          	srli	a4,a5,0x3
     bc6:	078a                	slli	a5,a5,0x2
     bc8:	8bf1                	andi	a5,a5,28
     bca:	8fd9                	or	a5,a5,a4
     bcc:	0137f613          	andi	a2,a5,19
     bd0:	0037f713          	andi	a4,a5,3
     bd4:	00c6f463          	bgeu	a3,a2,bdc <RCC_GetClocksFreq+0x80>
     bd8:	ff478713          	addi	a4,a5,-12 # 40020ff4 <__global_pointer$+0x20020754>
     bdc:	200007b7          	lui	a5,0x20000
     be0:	01478793          	addi	a5,a5,20 # 20000014 <ADCPrescTable>
     be4:	97ba                	add	a5,a5,a4
     be6:	238c                	lbu	a1,0(a5)
     be8:	cecff0ef          	jal	ra,d4 <__udivsi3>
     bec:	c808                	sw	a0,16(s0)
     bee:	cbcff06f          	j	aa <__riscv_restore_0>
     bf2:	435c                	lw	a5,4(a4)
     bf4:	02dc77b7          	lui	a5,0x2dc7
     bf8:	c0078793          	addi	a5,a5,-1024 # 2dc6c00 <_data_lma+0x2dc58b0>
     bfc:	b749                	j	b7e <RCC_GetClocksFreq+0x22>

00000bfe <RCC_APB2PeriphClockCmd>:
     bfe:	c599                	beqz	a1,c0c <RCC_APB2PeriphClockCmd+0xe>
     c00:	40021737          	lui	a4,0x40021
     c04:	4f1c                	lw	a5,24(a4)
     c06:	8d5d                	or	a0,a0,a5
     c08:	cf08                	sw	a0,24(a4)
     c0a:	8082                	ret
     c0c:	400217b7          	lui	a5,0x40021
     c10:	4f98                	lw	a4,24(a5)
     c12:	fff54513          	not	a0,a0
     c16:	8d79                	and	a0,a0,a4
     c18:	cf88                	sw	a0,24(a5)
     c1a:	8082                	ret

00000c1c <RCC_APB1PeriphClockCmd>:
     c1c:	c599                	beqz	a1,c2a <RCC_APB1PeriphClockCmd+0xe>
     c1e:	40021737          	lui	a4,0x40021
     c22:	4f5c                	lw	a5,28(a4)
     c24:	8d5d                	or	a0,a0,a5
     c26:	cf48                	sw	a0,28(a4)
     c28:	8082                	ret
     c2a:	400217b7          	lui	a5,0x40021
     c2e:	4fd8                	lw	a4,28(a5)
     c30:	fff54513          	not	a0,a0
     c34:	8d79                	and	a0,a0,a4
     c36:	cfc8                	sw	a0,28(a5)
     c38:	8082                	ret

00000c3a <USART_Init>:
     c3a:	c66ff2ef          	jal	t0,a0 <__riscv_save_0>
     c3e:	2916                	lhu	a3,16(a0)
     c40:	77f5                	lui	a5,0xffffd
     c42:	17fd                	addi	a5,a5,-1
     c44:	8ff5                	and	a5,a5,a3
     c46:	21f6                	lhu	a3,6(a1)
     c48:	25da                	lhu	a4,12(a1)
     c4a:	1121                	addi	sp,sp,-24
     c4c:	8fd5                	or	a5,a5,a3
     c4e:	a91e                	sh	a5,16(a0)
     c50:	2556                	lhu	a3,12(a0)
     c52:	77fd                	lui	a5,0xfffff
     c54:	9f378793          	addi	a5,a5,-1549 # ffffe9f3 <__global_pointer$+0xdfffe153>
     c58:	8ff5                	and	a5,a5,a3
     c5a:	21d6                	lhu	a3,4(a1)
     c5c:	842a                	mv	s0,a0
     c5e:	c02e                	sw	a1,0(sp)
     c60:	8fd5                	or	a5,a5,a3
     c62:	2596                	lhu	a3,8(a1)
     c64:	8fd5                	or	a5,a5,a3
     c66:	25b6                	lhu	a3,10(a1)
     c68:	8fd5                	or	a5,a5,a3
     c6a:	a55e                	sh	a5,12(a0)
     c6c:	295e                	lhu	a5,20(a0)
     c6e:	07c2                	slli	a5,a5,0x10
     c70:	83c1                	srli	a5,a5,0x10
     c72:	cff7f793          	andi	a5,a5,-769
     c76:	8f5d                	or	a4,a4,a5
     c78:	a95a                	sh	a4,20(a0)
     c7a:	0048                	addi	a0,sp,4
     c7c:	35c5                	jal	b5c <RCC_GetClocksFreq>
     c7e:	400147b7          	lui	a5,0x40014
     c82:	80078793          	addi	a5,a5,-2048 # 40013800 <__global_pointer$+0x20012f60>
     c86:	4582                	lw	a1,0(sp)
     c88:	06f41263          	bne	s0,a5,cec <USART_Init+0xb2>
     c8c:	47c2                	lw	a5,16(sp)
     c8e:	245a                	lhu	a4,12(s0)
     c90:	00179513          	slli	a0,a5,0x1
     c94:	953e                	add	a0,a0,a5
     c96:	0742                	slli	a4,a4,0x10
     c98:	050e                	slli	a0,a0,0x3
     c9a:	8741                	srai	a4,a4,0x10
     c9c:	953e                	add	a0,a0,a5
     c9e:	418c                	lw	a1,0(a1)
     ca0:	04075863          	bgez	a4,cf0 <USART_Init+0xb6>
     ca4:	0586                	slli	a1,a1,0x1
     ca6:	c2eff0ef          	jal	ra,d4 <__udivsi3>
     caa:	06400593          	li	a1,100
     cae:	c02a                	sw	a0,0(sp)
     cb0:	c24ff0ef          	jal	ra,d4 <__udivsi3>
     cb4:	4782                	lw	a5,0(sp)
     cb6:	00451493          	slli	s1,a0,0x4
     cba:	06400593          	li	a1,100
     cbe:	853e                	mv	a0,a5
     cc0:	c40ff0ef          	jal	ra,100 <__umodsi3>
     cc4:	245e                	lhu	a5,12(s0)
     cc6:	07c2                	slli	a5,a5,0x10
     cc8:	87c1                	srai	a5,a5,0x10
     cca:	0207d563          	bgez	a5,cf4 <USART_Init+0xba>
     cce:	050e                	slli	a0,a0,0x3
     cd0:	06400593          	li	a1,100
     cd4:	03250513          	addi	a0,a0,50
     cd8:	bfcff0ef          	jal	ra,d4 <__udivsi3>
     cdc:	891d                	andi	a0,a0,7
     cde:	8cc9                	or	s1,s1,a0
     ce0:	04c2                	slli	s1,s1,0x10
     ce2:	80c1                	srli	s1,s1,0x10
     ce4:	a406                	sh	s1,8(s0)
     ce6:	0161                	addi	sp,sp,24
     ce8:	bc2ff06f          	j	aa <__riscv_restore_0>
     cec:	47b2                	lw	a5,12(sp)
     cee:	b745                	j	c8e <USART_Init+0x54>
     cf0:	058a                	slli	a1,a1,0x2
     cf2:	bf55                	j	ca6 <USART_Init+0x6c>
     cf4:	0512                	slli	a0,a0,0x4
     cf6:	06400593          	li	a1,100
     cfa:	03250513          	addi	a0,a0,50
     cfe:	bd6ff0ef          	jal	ra,d4 <__udivsi3>
     d02:	893d                	andi	a0,a0,15
     d04:	bfe9                	j	cde <USART_Init+0xa4>

00000d06 <USART_Cmd>:
     d06:	c591                	beqz	a1,d12 <USART_Cmd+0xc>
     d08:	255e                	lhu	a5,12(a0)
     d0a:	6709                	lui	a4,0x2
     d0c:	8fd9                	or	a5,a5,a4
     d0e:	a55e                	sh	a5,12(a0)
     d10:	8082                	ret
     d12:	255a                	lhu	a4,12(a0)
     d14:	77f9                	lui	a5,0xffffe
     d16:	17fd                	addi	a5,a5,-1
     d18:	8ff9                	and	a5,a5,a4
     d1a:	bfd5                	j	d0e <USART_Cmd+0x8>

00000d1c <Delay_Init>:
     d1c:	b84ff2ef          	jal	t0,a0 <__riscv_save_0>
     d20:	200007b7          	lui	a5,0x20000
     d24:	0107a503          	lw	a0,16(a5) # 20000010 <SystemCoreClock>
     d28:	007a15b7          	lui	a1,0x7a1
     d2c:	20058593          	addi	a1,a1,512 # 7a1200 <_data_lma+0x79feb0>
     d30:	ba4ff0ef          	jal	ra,d4 <__udivsi3>
     d34:	0ff57513          	andi	a0,a0,255
     d38:	80a18b23          	sb	a0,-2026(gp) # 200000b6 <p_us>
     d3c:	00551793          	slli	a5,a0,0x5
     d40:	8f89                	sub	a5,a5,a0
     d42:	078a                	slli	a5,a5,0x2
     d44:	953e                	add	a0,a0,a5
     d46:	050e                	slli	a0,a0,0x3
     d48:	80a19a23          	sh	a0,-2028(gp) # 200000b4 <p_ms>
     d4c:	b5eff06f          	j	aa <__riscv_restore_0>

00000d50 <Delay_Ms>:
     d50:	b50ff2ef          	jal	t0,a0 <__riscv_save_0>
     d54:	e000f437          	lui	s0,0xe000f
     d58:	405c                	lw	a5,4(s0)
     d5a:	85aa                	mv	a1,a0
     d5c:	9bf9                	andi	a5,a5,-2
     d5e:	c05c                	sw	a5,4(s0)
     d60:	8141d503          	lhu	a0,-2028(gp) # 200000b4 <p_ms>
     d64:	b50ff0ef          	jal	ra,b4 <__mulsi3>
     d68:	c808                	sw	a0,16(s0)
     d6a:	00042423          	sw	zero,8(s0) # e000f008 <__global_pointer$+0xc000e768>
     d6e:	401c                	lw	a5,0(s0)
     d70:	0017e793          	ori	a5,a5,1
     d74:	c01c                	sw	a5,0(s0)
     d76:	e000f7b7          	lui	a5,0xe000f
     d7a:	43d8                	lw	a4,4(a5)
     d7c:	8b05                	andi	a4,a4,1
     d7e:	df75                	beqz	a4,d7a <Delay_Ms+0x2a>
     d80:	4398                	lw	a4,0(a5)
     d82:	9b79                	andi	a4,a4,-2
     d84:	c398                	sw	a4,0(a5)
     d86:	b24ff06f          	j	aa <__riscv_restore_0>

00000d8a <USART_Printf_Init>:
     d8a:	b16ff2ef          	jal	t0,a0 <__riscv_save_0>
     d8e:	842a                	mv	s0,a0
     d90:	6511                	lui	a0,0x4
     d92:	1111                	addi	sp,sp,-28
     d94:	4585                	li	a1,1
     d96:	02050513          	addi	a0,a0,32 # 4020 <_data_lma+0x2cd0>
     d9a:	3595                	jal	bfe <RCC_APB2PeriphClockCmd>
     d9c:	02000793          	li	a5,32
     da0:	807c                	sh	a5,0(sp)
     da2:	40011537          	lui	a0,0x40011
     da6:	478d                	li	a5,3
     da8:	c23e                	sw	a5,4(sp)
     daa:	858a                	mv	a1,sp
     dac:	47e1                	li	a5,24
     dae:	40050513          	addi	a0,a0,1024 # 40011400 <__global_pointer$+0x20010b60>
     db2:	c43e                	sw	a5,8(sp)
     db4:	3e41                	jal	944 <GPIO_Init>
     db6:	c622                	sw	s0,12(sp)
     db8:	40014437          	lui	s0,0x40014
     dbc:	000807b7          	lui	a5,0x80
     dc0:	006c                	addi	a1,sp,12
     dc2:	80040513          	addi	a0,s0,-2048 # 40013800 <__global_pointer$+0x20012f60>
     dc6:	ca3e                	sw	a5,20(sp)
     dc8:	c802                	sw	zero,16(sp)
     dca:	00011c23          	sh	zero,24(sp)
     dce:	35b5                	jal	c3a <USART_Init>
     dd0:	4585                	li	a1,1
     dd2:	80040513          	addi	a0,s0,-2048
     dd6:	3f05                	jal	d06 <USART_Cmd>
     dd8:	0171                	addi	sp,sp,28
     dda:	ad0ff06f          	j	aa <__riscv_restore_0>

00000dde <_sbrk>:
     dde:	20000737          	lui	a4,0x20000
     de2:	03870713          	addi	a4,a4,56 # 20000038 <curbrk.4084>
     de6:	431c                	lw	a5,0(a4)
     de8:	81c18693          	addi	a3,gp,-2020 # 200000bc <_ebss>
     dec:	953e                	add	a0,a0,a5
     dee:	00d56963          	bltu	a0,a3,e00 <_sbrk+0x22>
     df2:	e6018693          	addi	a3,gp,-416 # 20000700 <_heap_end>
     df6:	00a6e563          	bltu	a3,a0,e00 <_sbrk+0x22>
     dfa:	c308                	sw	a0,0(a4)
     dfc:	853e                	mv	a0,a5
     dfe:	8082                	ret
     e00:	57fd                	li	a5,-1
     e02:	bfed                	j	dfc <_sbrk+0x1e>

00000e04 <malloc>:
     e04:	1ffff797          	auipc	a5,0x1ffff
     e08:	29c78793          	addi	a5,a5,668 # 200000a0 <_impure_ptr>
     e0c:	85aa                	mv	a1,a0
     e0e:	4388                	lw	a0,0(a5)
     e10:	a009                	j	e12 <_malloc_r>

00000e12 <_malloc_r>:
     e12:	1141                	addi	sp,sp,-16
     e14:	c226                	sw	s1,4(sp)
     e16:	00358493          	addi	s1,a1,3
     e1a:	98f1                	andi	s1,s1,-4
     e1c:	c606                	sw	ra,12(sp)
     e1e:	c422                	sw	s0,8(sp)
     e20:	04a1                	addi	s1,s1,8
     e22:	47b1                	li	a5,12
     e24:	04f4f563          	bgeu	s1,a5,e6e <_malloc_r+0x5c>
     e28:	44b1                	li	s1,12
     e2a:	04b4e463          	bltu	s1,a1,e72 <_malloc_r+0x60>
     e2e:	c02a                	sw	a0,0(sp)
     e30:	28f9                	jal	f0e <__malloc_lock>
     e32:	80818713          	addi	a4,gp,-2040 # 200000a8 <_edata>
     e36:	4314                	lw	a3,0(a4)
     e38:	4782                	lw	a5,0(sp)
     e3a:	8436                	mv	s0,a3
     e3c:	e039                	bnez	s0,e82 <_malloc_r+0x70>
     e3e:	80c18713          	addi	a4,gp,-2036 # 200000ac <__malloc_sbrk_start>
     e42:	4318                	lw	a4,0(a4)
     e44:	eb01                	bnez	a4,e54 <_malloc_r+0x42>
     e46:	853e                	mv	a0,a5
     e48:	4581                	li	a1,0
     e4a:	c03e                	sw	a5,0(sp)
     e4c:	2869                	jal	ee6 <_sbrk_r>
     e4e:	80a1a623          	sw	a0,-2036(gp) # 200000ac <__malloc_sbrk_start>
     e52:	4782                	lw	a5,0(sp)
     e54:	853e                	mv	a0,a5
     e56:	85a6                	mv	a1,s1
     e58:	c03e                	sw	a5,0(sp)
     e5a:	2071                	jal	ee6 <_sbrk_r>
     e5c:	577d                	li	a4,-1
     e5e:	4782                	lw	a5,0(sp)
     e60:	06e51463          	bne	a0,a4,ec8 <_malloc_r+0xb6>
     e64:	4731                	li	a4,12
     e66:	c398                	sw	a4,0(a5)
     e68:	853e                	mv	a0,a5
     e6a:	205d                	jal	f10 <__malloc_unlock>
     e6c:	a029                	j	e76 <_malloc_r+0x64>
     e6e:	fa04dee3          	bgez	s1,e2a <_malloc_r+0x18>
     e72:	47b1                	li	a5,12
     e74:	c11c                	sw	a5,0(a0)
     e76:	4501                	li	a0,0
     e78:	40b2                	lw	ra,12(sp)
     e7a:	4422                	lw	s0,8(sp)
     e7c:	4492                	lw	s1,4(sp)
     e7e:	0141                	addi	sp,sp,16
     e80:	8082                	ret
     e82:	4018                	lw	a4,0(s0)
     e84:	8f05                	sub	a4,a4,s1
     e86:	02074e63          	bltz	a4,ec2 <_malloc_r+0xb0>
     e8a:	462d                	li	a2,11
     e8c:	00e67663          	bgeu	a2,a4,e98 <_malloc_r+0x86>
     e90:	c018                	sw	a4,0(s0)
     e92:	943a                	add	s0,s0,a4
     e94:	c004                	sw	s1,0(s0)
     e96:	a031                	j	ea2 <_malloc_r+0x90>
     e98:	4058                	lw	a4,4(s0)
     e9a:	02869263          	bne	a3,s0,ebe <_malloc_r+0xac>
     e9e:	80e1a423          	sw	a4,-2040(gp) # 200000a8 <_edata>
     ea2:	853e                	mv	a0,a5
     ea4:	20b5                	jal	f10 <__malloc_unlock>
     ea6:	00b40513          	addi	a0,s0,11
     eaa:	00440713          	addi	a4,s0,4
     eae:	9961                	andi	a0,a0,-8
     eb0:	40e507b3          	sub	a5,a0,a4
     eb4:	d3f1                	beqz	a5,e78 <_malloc_r+0x66>
     eb6:	943e                	add	s0,s0,a5
     eb8:	8f09                	sub	a4,a4,a0
     eba:	c018                	sw	a4,0(s0)
     ebc:	bf75                	j	e78 <_malloc_r+0x66>
     ebe:	c2d8                	sw	a4,4(a3)
     ec0:	b7cd                	j	ea2 <_malloc_r+0x90>
     ec2:	86a2                	mv	a3,s0
     ec4:	4040                	lw	s0,4(s0)
     ec6:	bf9d                	j	e3c <_malloc_r+0x2a>
     ec8:	00350413          	addi	s0,a0,3
     ecc:	9871                	andi	s0,s0,-4
     ece:	fc8503e3          	beq	a0,s0,e94 <_malloc_r+0x82>
     ed2:	40a405b3          	sub	a1,s0,a0
     ed6:	853e                	mv	a0,a5
     ed8:	c03e                	sw	a5,0(sp)
     eda:	2031                	jal	ee6 <_sbrk_r>
     edc:	577d                	li	a4,-1
     ede:	4782                	lw	a5,0(sp)
     ee0:	fae51ae3          	bne	a0,a4,e94 <_malloc_r+0x82>
     ee4:	b741                	j	e64 <_malloc_r+0x52>

00000ee6 <_sbrk_r>:
     ee6:	1151                	addi	sp,sp,-12
     ee8:	c222                	sw	s0,4(sp)
     eea:	842a                	mv	s0,a0
     eec:	852e                	mv	a0,a1
     eee:	8001ac23          	sw	zero,-2024(gp) # 200000b8 <errno>
     ef2:	c406                	sw	ra,8(sp)
     ef4:	35ed                	jal	dde <_sbrk>
     ef6:	57fd                	li	a5,-1
     ef8:	00f51763          	bne	a0,a5,f06 <_sbrk_r+0x20>
     efc:	81818793          	addi	a5,gp,-2024 # 200000b8 <errno>
     f00:	439c                	lw	a5,0(a5)
     f02:	c391                	beqz	a5,f06 <_sbrk_r+0x20>
     f04:	c01c                	sw	a5,0(s0)
     f06:	40a2                	lw	ra,8(sp)
     f08:	4412                	lw	s0,4(sp)
     f0a:	0131                	addi	sp,sp,12
     f0c:	8082                	ret

00000f0e <__malloc_lock>:
     f0e:	8082                	ret

00000f10 <__malloc_unlock>:
     f10:	8082                	ret
     f12:	0000                	unimp
     f14:	3130                	lbu	a2,3(a0)
     f16:	3130                	lbu	a2,3(a0)
     f18:	3130                	lbu	a2,3(a0)
	...

00000f1c <font_data>:
     f1c:	1010 ffff 8001 8001 8001 8001 8001 8001     ................
     f2c:	8001 8001 8001 8001 8001 8001 8001 8001     ................
     f3c:	ffff ffff ffff ffff ffff ffff ffff ffff     ................
     f4c:	ffff ffff ffff ffff ffff ffff ffff ffff     ................
     f5c:	ffff 3b3f 3d2f 3d3f 333f 353f 3d3f 3f2f     ..?;/=?=?3?5?=/?
     f6c:	352d 353f 3d3f 3f3d 353d 3b3f 393f 3f3f     -5?5?==?=5?;?9??
     f7c:	3f3d 2b3f 3d3f 3d2f 352f 3f3f 3d2f 2f35     =??+?=/=/5??/=5/
     f8c:	3f3d 3b3f 3f3b 3f3b 3b3b 3f3f 2f3f 3f3f     =??;;?;?;;???/??
     f9c:	3b2f 3f3f 373d 3d3d 3f2f 3f3f 3f3d 3d3f     /;??=7==/???=??=
     fac:	213f 3f3f 3b35 3d2f 2f3f 3f3f 3d2d 3d37     ?!??5;/=?/??-=7=
     fbc:	3d2f 3b3f 3d2f 2d3f 333f 353f 393f 3d3f     /=?;/=?-?3?5?9?=
     fcc:	3d3f 333f 2d3f 3f3f 2315 393f 312f 353f     ?=?3?-??.#?9/1?5
     fdc:	3f3f 3b3f 393f 3f2f 313f 393f 3b3f 3f3b     ???;?9/??1?9?;;?
     fec:	3f3b 3f3f 3f2d 2f3d 3b3d 2f3f 3f3d 3d37     ;???-?=/=;?/=?7=
     ffc:	3f3b 3f3f 3f2d 2b3d 373d 2f3f 373d 3b3f     ;???-?=+=7?/=7?;
    100c:	2d3f 3f3f 3f35 3f3b 3f3b 293f 2f3f 3b3f     ?-??5?;?;??)?/?;
    101c:	293f 3f3f 3f3f 3f3f 3f3f 0000 0000 0000     ?)????????......
    102c:	2a00 3f3f 3f3f 3f3f 3f3f 0004 0000 0000     .*????????......
    103c:	2a00 3f3f 3f3f 3f3f 3f3f 0000 0000 0000     .*????????......
    104c:	2a00 0000 0000 0000 1200 3f3f 3f3f 3f3f     .*........??????
    105c:	3f3f 0000 0000 0000 2a00 3f3f 3f3f 3f3f     ??.......*??????
    106c:	3f3f 0000 0000 0000 2a00 3f3f 3f3f 3f3f     ??.......*??????
    107c:	3f3f 0000 0000 0000 2a00 3f3f 3f3f 3f3f     ??.......*??????
    108c:	3f3f 0000 0000 0000 2a00 3f3f 3f3f 3f3f     ??.......*??????
    109c:	3f3f 0020 0000 0000 2a00 3f3f 3f3f 3f3f     ?? ......*??????
    10ac:	3f3f 0020 0000 0000 2a00 3f3f 3f3f 3f3f     ?? ......*??????
    10bc:	3f3f 0020 0000 0000 2a00 3f3f 3f3f 3f3f     ?? ......*??????
    10cc:	3f3f 3f3f 3f3f 3f3f 3f3f 0020 0000 0000     ?????????? .....
    10dc:	2a00 3f3f 3f3f 3f3f 3f3f 0020 0000 0000     .*???????? .....
    10ec:	2a00 3f3f 3f3f 3f3f 3f3f 0020 0000 0000     .*???????? .....
    10fc:	2a00 3f3f 3f3f 3f3f 3f3f 0020 0000 0000     .*???????? .....
    110c:	2a00 3f3f 3f3f 3f3f 3f3f 0020 0000 0000     .*???????? .....
    111c:	2a00 3f3f 3f3f 3f3f 3f3f 0020 0000 0000     .*???????? .....
    112c:	2a00 3f3f 3f3f 3f3f 3f3f 0020 0000 0000     .*???????? .....
    113c:	2a00 3f3f 3f3f 3f3f 3f3f 0000 0000 0000     .*????????......
    114c:	2a00 0020 0000 0000 2a00 3b3f 392f 3f2f     .* ......*?;/9/?
    115c:	3d2f 393f 2f3f 3f39 352d 333f 3d3f 3f3f     /=?9?/9?-5?3?=??
    116c:	333d 393f 2d3f 3d3f 392f 393f 3f3f 3f39     =3?9?-?=/9?9??9?
    117c:	353d 333f 3b3d 3d3f 3f3f 333f 3d3f 3f2f     =5?3=;?=???3?=/?
    118c:	3b2d 3f3f 3f2d 3f31 3f2d 3b3f 3f3b 3f3b     -;??-?1?-??;;?;?
    119c:	3b3b 3f3f 3f2f 2f3f 3b3f 3f3f 373d 373d     ;;??/??/?;??=7=7
    11ac:	3f3d 3f3f 3f3d 3f3d 313f 3f3f 3b35 3d2f     =???=?=??1??5;/=
    11bc:	2d3f 3f3f 3d2d 2d37 3f3f 333f 3d3f 3f2f     ?-??-=7-???3?=/?
    11cc:	333d 393f 392f 3f3f 3f3d 333f 3d3f 3f2f     =3?9/9??=??3?=/?
    11dc:	0b35 393f 392f 3d3b 3d2f 2b3f 353f 3f3f     5.?9/9;=/=?+?5??
    11ec:	392f 393f 3b3f 3b3f 3b3f 3f3f 3f2d 2f3d     /9?9?;?;?;??-?=/
    11fc:	3b3d 3d3f 3f2f 3f35 3f3b 2f3f 3f3d 3b2d     =;?=/?5?;??/=?-;
    120c:	3f35 3f3f 372d 3f3b 3d2f 3f3f 3f35 3f3b     5???-7;?/=??5?;?
    121c:	3f3b 213f 3f3f 3f37 213f 3f3f 3f3f 3f3f     ;??!??7??!??????
    122c:	3f3f 3f3f 3f3f 3f3f 103f 0000 0000 0000     ?????????.......
    123c:	3f2a 3f3f 3f3f 3f3f 003f 0000 0000 0000     *????????.......
    124c:	0012 0000 0000 0000 3f14 3f3f 3f3f 3f3f     .........???????
    125c:	023f 0000 0000 0000 3f2a 3f3f 3f3f 3f3f     ?.......*???????
    126c:	003f 0000 0000 0000 3f2a 3f3f 3f3f 3f3f     ?.......*???????
    127c:	003f 0000 0000 0000 3f2a 3f3f 3f3f 3f3f     ?.......*???????
    128c:	003f 0000 0000 0000 3f2a 3f3f 3f3f 3f3f     ?.......*???????
    129c:	003f 0000 0000 0000 3f2a 3f3f 3f3f 3f3f     ?.......*???????
    12ac:	203f 0000 0000 0000 3f2a 3f3f 3f3f 3f3f     ? ......*???????
    12bc:	203f 0000 0000 0000 3f2a 3f3f 3f3f 3f3f     ? ......*???????
    12cc:	3f3f 3f3f 3f3f 3f3f 103f 0000 0000 0000     ?????????.......
    12dc:	3f2a 3f3f 3f3f 3f3f 203f 0000 0000 0000     *???????? ......
    12ec:	3f2a 3f3f 3f3f 3f3f 203f 0000 0000 0000     *???????? ......
    12fc:	3f2a 3f3f 3f3f 3f3f 203f 0000 0000 0000     *???????? ......
    130c:	3f2a 3f3f 3f3f 3f3f 203f 0000 0000 0000     *???????? ......
    131c:	3f2a 3f3f 3f3f 3f3f 203f 0000 0000 0000     *???????? ......
    132c:	3f2a 3f3f 3f3f 3f3f 203f 0000 0000 0000     *???????? ......
    133c:	3f2a 3f3f 3f3f 3f3f 003f 0000 0000 0000     *????????.......
    134c:	002a 0000                                   *...
